[0.073s] Invoking command in '/home/wade/ros2_ws/build/examples_rclcpp_wait_set': AMENT_PREFIX_PATH=/home/wade/ros2_ws/install/examples_rclcpp_wait_set:${AMENT_PREFIX_PATH} CMAKE_PREFIX_PATH=/home/wade/ros2_ws/install/examples_rclcpp_wait_set LD_LIBRARY_PATH=/home/wade/ros2_ws/install/examples_rclcpp_wait_set/lib:${LD_LIBRARY_PATH} /usr/bin/ctest -C Release -D ExperimentalTest --no-compress-output -V --force-new-ctest-process
[1.399s] UpdateCTestConfiguration  from :/home/wade/ros2_ws/build/examples_rclcpp_wait_set/CTestConfiguration.ini
[1.399s] Parse Config file:/home/wade/ros2_ws/build/examples_rclcpp_wait_set/CTestConfiguration.ini
[1.399s]    Site: wade-LOQ-15APH8
[1.399s]    Build name: (empty)
[1.399s]  Add coverage exclude regular expressions.
[1.399s] Create new tag: 20241225-0221 - Experimental
[1.399s] UpdateCTestConfiguration  from :/home/wade/ros2_ws/build/examples_rclcpp_wait_set/CTestConfiguration.ini
[1.399s] Parse Config file:/home/wade/ros2_ws/build/examples_rclcpp_wait_set/CTestConfiguration.ini
[1.399s] Test project /home/wade/ros2_ws/build/examples_rclcpp_wait_set
[1.399s] Constructing a list of tests
[1.399s] Done constructing a list of tests
[1.399s] Updating test list for fixtures
[1.399s] Added 0 tests to meet fixture requirements
[1.400s] Checking test dependency graph...
[1.400s] Checking test dependency graph end
[1.400s] test 1
[1.400s]     Start 1: copyright
[1.400s] 
[1.400s] 1: Test command: /usr/bin/python3 "-u" "/opt/ros/humble/share/ament_cmake_test/cmake/run_test.py" "/home/wade/ros2_ws/build/examples_rclcpp_wait_set/test_results/examples_rclcpp_wait_set/copyright.xunit.xml" "--package-name" "examples_rclcpp_wait_set" "--output-file" "/home/wade/ros2_ws/build/examples_rclcpp_wait_set/ament_copyright/copyright.txt" "--command" "/opt/ros/humble/bin/ament_copyright" "--xunit-file" "/home/wade/ros2_ws/build/examples_rclcpp_wait_set/test_results/examples_rclcpp_wait_set/copyright.xunit.xml"
[1.400s] 1: Test timeout computed to be: 200
[1.400s] 1: -- run_test.py: invoking following command in '/home/wade/ros2_ws/src/examples/rclcpp/wait_set':
[1.400s] 1:  - /opt/ros/humble/bin/ament_copyright --xunit-file /home/wade/ros2_ws/build/examples_rclcpp_wait_set/test_results/examples_rclcpp_wait_set/copyright.xunit.xml
[1.400s] 1: No problems found, checked 15 files
[1.400s] 1: -- run_test.py: return code 0
[1.400s] 1: -- run_test.py: verify result file '/home/wade/ros2_ws/build/examples_rclcpp_wait_set/test_results/examples_rclcpp_wait_set/copyright.xunit.xml'
[1.400s] 1/6 Test #1: copyright ........................   Passed    0.72 sec
[1.400s] test 2
[1.400s]     Start 2: cppcheck
[1.400s] 
[1.400s] 2: Test command: /usr/bin/python3 "-u" "/opt/ros/humble/share/ament_cmake_test/cmake/run_test.py" "/home/wade/ros2_ws/build/examples_rclcpp_wait_set/test_results/examples_rclcpp_wait_set/cppcheck.xunit.xml" "--package-name" "examples_rclcpp_wait_set" "--output-file" "/home/wade/ros2_ws/build/examples_rclcpp_wait_set/ament_cppcheck/cppcheck.txt" "--command" "/opt/ros/humble/bin/ament_cppcheck" "--xunit-file" "/home/wade/ros2_ws/build/examples_rclcpp_wait_set/test_results/examples_rclcpp_wait_set/cppcheck.xunit.xml" "--include_dirs" "/home/wade/ros2_ws/src/examples/rclcpp/wait_set/include"
[1.400s] 2: Test timeout computed to be: 300
[1.400s] 2: -- run_test.py: invoking following command in '/home/wade/ros2_ws/src/examples/rclcpp/wait_set':
[1.400s] 2:  - /opt/ros/humble/bin/ament_cppcheck --xunit-file /home/wade/ros2_ws/build/examples_rclcpp_wait_set/test_results/examples_rclcpp_wait_set/cppcheck.xunit.xml --include_dirs /home/wade/ros2_ws/src/examples/rclcpp/wait_set/include
[1.400s] 2: cppcheck 2.7 has known performance issues and therefore will not be used, set the AMENT_CPPCHECK_ALLOW_SLOW_VERSIONS environment variable to override this.
[1.400s] 2: -- run_test.py: return code 0
[1.400s] 2: -- run_test.py: verify result file '/home/wade/ros2_ws/build/examples_rclcpp_wait_set/test_results/examples_rclcpp_wait_set/cppcheck.xunit.xml'
[1.400s] 2/6 Test #2: cppcheck .........................   Passed    0.15 sec
[1.400s] test 3
[1.401s]     Start 3: cpplint
[1.401s] 
[1.401s] 3: Test command: /usr/bin/python3 "-u" "/opt/ros/humble/share/ament_cmake_test/cmake/run_test.py" "/home/wade/ros2_ws/build/examples_rclcpp_wait_set/test_results/examples_rclcpp_wait_set/cpplint.xunit.xml" "--package-name" "examples_rclcpp_wait_set" "--output-file" "/home/wade/ros2_ws/build/examples_rclcpp_wait_set/ament_cpplint/cpplint.txt" "--command" "/opt/ros/humble/bin/ament_cpplint" "--xunit-file" "/home/wade/ros2_ws/build/examples_rclcpp_wait_set/test_results/examples_rclcpp_wait_set/cpplint.xunit.xml"
[1.401s] 3: Test timeout computed to be: 120
[1.401s] 3: -- run_test.py: invoking following command in '/home/wade/ros2_ws/src/examples/rclcpp/wait_set':
[1.402s] 3:  - /opt/ros/humble/bin/ament_cpplint --xunit-file /home/wade/ros2_ws/build/examples_rclcpp_wait_set/test_results/examples_rclcpp_wait_set/cpplint.xunit.xml
[1.403s] 3: Using '--root=/home/wade/ros2_ws/src/examples/rclcpp/wait_set/include' argument
[1.403s] 3: 
[1.403s] 3: Done processing /home/wade/ros2_ws/src/examples/rclcpp/wait_set/include/wait_set/listener.hpp
[1.403s] 3: 
[1.403s] 3: Done processing /home/wade/ros2_ws/src/examples/rclcpp/wait_set/include/wait_set/random_listener.hpp
[1.403s] 3: 
[1.403s] 3: Done processing /home/wade/ros2_ws/src/examples/rclcpp/wait_set/include/wait_set/random_talker.hpp
[1.403s] 3: 
[1.403s] 3: Done processing /home/wade/ros2_ws/src/examples/rclcpp/wait_set/include/wait_set/talker.hpp
[1.403s] 3: 
[1.403s] 3: Done processing /home/wade/ros2_ws/src/examples/rclcpp/wait_set/include/wait_set/visibility.h
[1.403s] 3: 
[1.403s] 3: Using '--root=/home/wade/ros2_ws/src/examples/rclcpp/wait_set/src' argument
[1.403s] 3: 
[1.403s] 3: Done processing /home/wade/ros2_ws/src/examples/rclcpp/wait_set/src/executor_random_order.cpp
[1.403s] 3: 
[1.403s] 3: Done processing /home/wade/ros2_ws/src/examples/rclcpp/wait_set/src/listener.cpp
[1.403s] 3: 
[1.403s] 3: Done processing /home/wade/ros2_ws/src/examples/rclcpp/wait_set/src/static_wait_set.cpp
[1.403s] 3: 
[1.403s] 3: Done processing /home/wade/ros2_ws/src/examples/rclcpp/wait_set/src/talker.cpp
[1.403s] 3: 
[1.403s] 3: Done processing /home/wade/ros2_ws/src/examples/rclcpp/wait_set/src/thread_safe_wait_set.cpp
[1.403s] 3: 
[1.403s] 3: Done processing /home/wade/ros2_ws/src/examples/rclcpp/wait_set/src/wait_set.cpp
[1.403s] 3: 
[1.404s] 3: Done processing /home/wade/ros2_ws/src/examples/rclcpp/wait_set/src/wait_set_composed.cpp
[1.404s] 3: 
[1.404s] 3: Done processing /home/wade/ros2_ws/src/examples/rclcpp/wait_set/src/wait_set_random_order.cpp
[1.404s] 3: 
[1.404s] 3: Done processing /home/wade/ros2_ws/src/examples/rclcpp/wait_set/src/wait_set_topics_and_timer.cpp
[1.404s] 3: 
[1.404s] 3: Done processing /home/wade/ros2_ws/src/examples/rclcpp/wait_set/src/wait_set_topics_with_different_rates.cpp
[1.404s] 3: 
[1.404s] 3: No problems found
[1.404s] 3: -- run_test.py: return code 0
[1.404s] 3: -- run_test.py: verify result file '/home/wade/ros2_ws/build/examples_rclcpp_wait_set/test_results/examples_rclcpp_wait_set/cpplint.xunit.xml'
[1.404s] 3/6 Test #3: cpplint ..........................   Passed    0.36 sec
[1.404s] test 4
[1.404s]     Start 4: lint_cmake
[1.404s] 
[1.404s] 4: Test command: /usr/bin/python3 "-u" "/opt/ros/humble/share/ament_cmake_test/cmake/run_test.py" "/home/wade/ros2_ws/build/examples_rclcpp_wait_set/test_results/examples_rclcpp_wait_set/lint_cmake.xunit.xml" "--package-name" "examples_rclcpp_wait_set" "--output-file" "/home/wade/ros2_ws/build/examples_rclcpp_wait_set/ament_lint_cmake/lint_cmake.txt" "--command" "/opt/ros/humble/bin/ament_lint_cmake" "--xunit-file" "/home/wade/ros2_ws/build/examples_rclcpp_wait_set/test_results/examples_rclcpp_wait_set/lint_cmake.xunit.xml"
[1.404s] 4: Test timeout computed to be: 60
[1.404s] 4: -- run_test.py: invoking following command in '/home/wade/ros2_ws/src/examples/rclcpp/wait_set':
[1.404s] 4:  - /opt/ros/humble/bin/ament_lint_cmake --xunit-file /home/wade/ros2_ws/build/examples_rclcpp_wait_set/test_results/examples_rclcpp_wait_set/lint_cmake.xunit.xml
[1.411s] 4: 
[1.411s] 4: No problems found
[1.411s] 4: -- run_test.py: return code 0
[1.411s] 4: -- run_test.py: verify result file '/home/wade/ros2_ws/build/examples_rclcpp_wait_set/test_results/examples_rclcpp_wait_set/lint_cmake.xunit.xml'
[1.411s] 4/6 Test #4: lint_cmake .......................   Passed    0.09 sec
[1.411s] test 5
[1.411s]     Start 5: uncrustify
[1.411s] 
[1.411s] 5: Test command: /usr/bin/python3 "-u" "/opt/ros/humble/share/ament_cmake_test/cmake/run_test.py" "/home/wade/ros2_ws/build/examples_rclcpp_wait_set/test_results/examples_rclcpp_wait_set/uncrustify.xunit.xml" "--package-name" "examples_rclcpp_wait_set" "--output-file" "/home/wade/ros2_ws/build/examples_rclcpp_wait_set/ament_uncrustify/uncrustify.txt" "--command" "/opt/ros/humble/bin/ament_uncrustify" "--xunit-file" "/home/wade/ros2_ws/build/examples_rclcpp_wait_set/test_results/examples_rclcpp_wait_set/uncrustify.xunit.xml"
[1.411s] 5: Test timeout computed to be: 60
[1.443s] 5: -- run_test.py: invoking following command in '/home/wade/ros2_ws/src/examples/rclcpp/wait_set':
[1.444s] 5:  - /opt/ros/humble/bin/ament_uncrustify --xunit-file /home/wade/ros2_ws/build/examples_rclcpp_wait_set/test_results/examples_rclcpp_wait_set/uncrustify.xunit.xml
[1.505s] 5: No code style divergence in file 'include/wait_set/listener.hpp'
[1.505s] 5: 
[1.505s] 5: No code style divergence in file 'include/wait_set/random_listener.hpp'
[1.505s] 5: 
[1.505s] 5: No code style divergence in file 'include/wait_set/random_talker.hpp'
[1.505s] 5: 
[1.506s] 5: No code style divergence in file 'include/wait_set/talker.hpp'
[1.506s] 5: 
[1.506s] 5: No code style divergence in file 'include/wait_set/visibility.h'
[1.506s] 5: 
[1.506s] 5: No code style divergence in file 'src/executor_random_order.cpp'
[1.506s] 5: 
[1.506s] 5: No code style divergence in file 'src/listener.cpp'
[1.506s] 5: 
[1.506s] 5: No code style divergence in file 'src/static_wait_set.cpp'
[1.506s] 5: 
[1.506s] 5: No code style divergence in file 'src/talker.cpp'
[1.506s] 5: 
[1.506s] 5: No code style divergence in file 'src/thread_safe_wait_set.cpp'
[1.506s] 5: 
[1.506s] 5: No code style divergence in file 'src/wait_set.cpp'
[1.506s] 5: 
[1.506s] 5: No code style divergence in file 'src/wait_set_composed.cpp'
[1.506s] 5: 
[1.506s] 5: No code style divergence in file 'src/wait_set_random_order.cpp'
[1.506s] 5: 
[1.506s] 5: No code style divergence in file 'src/wait_set_topics_and_timer.cpp'
[1.506s] 5: 
[1.506s] 5: No code style divergence in file 'src/wait_set_topics_with_different_rates.cpp'
[1.506s] 5: 
[1.506s] 5: No problems found
[1.513s] 5: -- run_test.py: return code 0
[1.513s] 5: -- run_test.py: verify result file '/home/wade/ros2_ws/build/examples_rclcpp_wait_set/test_results/examples_rclcpp_wait_set/uncrustify.xunit.xml'
[1.519s] 5/6 Test #5: uncrustify .......................   Passed    0.11 sec
[1.519s] test 6
[1.519s]     Start 6: xmllint
[1.519s] 
[1.519s] 6: Test command: /usr/bin/python3 "-u" "/opt/ros/humble/share/ament_cmake_test/cmake/run_test.py" "/home/wade/ros2_ws/build/examples_rclcpp_wait_set/test_results/examples_rclcpp_wait_set/xmllint.xunit.xml" "--package-name" "examples_rclcpp_wait_set" "--output-file" "/home/wade/ros2_ws/build/examples_rclcpp_wait_set/ament_xmllint/xmllint.txt" "--command" "/opt/ros/humble/bin/ament_xmllint" "--xunit-file" "/home/wade/ros2_ws/build/examples_rclcpp_wait_set/test_results/examples_rclcpp_wait_set/xmllint.xunit.xml"
[1.519s] 6: Test timeout computed to be: 60
[1.555s] 6: -- run_test.py: invoking following command in '/home/wade/ros2_ws/src/examples/rclcpp/wait_set':
[1.555s] 6:  - /opt/ros/humble/bin/ament_xmllint --xunit-file /home/wade/ros2_ws/build/examples_rclcpp_wait_set/test_results/examples_rclcpp_wait_set/xmllint.xunit.xml
[1.598s] 6: File 'package.xml' is invalid:
[1.599s] 6: error : Resource temporarily unavailable
[1.599s] 6: warning: failed to load external entity "http://download.ros.org/schema/package_format2.xsd"
[1.599s] 6: Schemas parser error : Failed to locate the main schema resource at 'http://download.ros.org/schema/package_format2.xsd'.
[1.599s] 6: WXS schema http://download.ros.org/schema/package_format2.xsd failed to compile
[1.599s] 6: 
[1.599s] 6: 1 files are invalid
[1.608s] 6: -- run_test.py: return code 1
[1.608s] 6: -- run_test.py: verify result file '/home/wade/ros2_ws/build/examples_rclcpp_wait_set/test_results/examples_rclcpp_wait_set/xmllint.xunit.xml'
[1.614s] 6/6 Test #6: xmllint ..........................***Failed    0.10 sec
[1.614s] 
[1.614s] 83% tests passed[0;0m, [0;31m1 tests failed[0;0m out of 6
[1.614s] 
[1.614s] Label Time Summary:
[1.614s] copyright     =   0.72 sec*proc (1 test)
[1.615s] cppcheck      =   0.15 sec*proc (1 test)
[1.615s] cpplint       =   0.36 sec*proc (1 test)
[1.615s] lint_cmake    =   0.09 sec*proc (1 test)
[1.615s] linter        =   1.53 sec*proc (6 tests)
[1.615s] uncrustify    =   0.11 sec*proc (1 test)
[1.615s] xmllint       =   0.10 sec*proc (1 test)
[1.615s] 
[1.615s] Total Test time (real) =   1.53 sec
[1.615s] 
[1.615s] The following tests FAILED:
[1.615s] 	[0;31m  6 - xmllint (Failed)[0;0m
[1.616s] Errors while running CTest
[1.617s] Output from these tests are in: /home/wade/ros2_ws/build/examples_rclcpp_wait_set/Testing/Temporary/LastTest.log
[1.617s] Use "--rerun-failed --output-on-failure" to re-run the failed cases verbosely.
[2.448s] Invoked command in '/home/wade/ros2_ws/build/examples_rclcpp_wait_set' returned '8': AMENT_PREFIX_PATH=/home/wade/ros2_ws/install/examples_rclcpp_wait_set:${AMENT_PREFIX_PATH} CMAKE_PREFIX_PATH=/home/wade/ros2_ws/install/examples_rclcpp_wait_set LD_LIBRARY_PATH=/home/wade/ros2_ws/install/examples_rclcpp_wait_set/lib:${LD_LIBRARY_PATH} /usr/bin/ctest -C Release -D ExperimentalTest --no-compress-output -V --force-new-ctest-process
