[0.064s] Invoking command in '/home/wade/ros2_ws/build/examples_rclcpp_minimal_action_server': AMENT_PREFIX_PATH=/home/wade/ros2_ws/install/examples_rclcpp_minimal_action_server:${AMENT_PREFIX_PATH} CMAKE_PREFIX_PATH=/home/wade/ros2_ws/install/examples_rclcpp_minimal_action_server /usr/bin/ctest -C Release -D ExperimentalTest --no-compress-output -V --force-new-ctest-process
[0.087s] UpdateCTestConfiguration  from :/home/wade/ros2_ws/build/examples_rclcpp_minimal_action_server/CTestConfiguration.ini
[0.087s] Parse Config file:/home/wade/ros2_ws/build/examples_rclcpp_minimal_action_server/CTestConfiguration.ini
[0.087s]    Site: wade-LOQ-15APH8
[0.087s]    Build name: (empty)
[0.087s]  Add coverage exclude regular expressions.
[0.087s] Create new tag: 20241225-0221 - Experimental
[0.087s] UpdateCTestConfiguration  from :/home/wade/ros2_ws/build/examples_rclcpp_minimal_action_server/CTestConfiguration.ini
[0.087s] Parse Config file:/home/wade/ros2_ws/build/examples_rclcpp_minimal_action_server/CTestConfiguration.ini
[0.087s] Test project /home/wade/ros2_ws/build/examples_rclcpp_minimal_action_server
[0.087s] Constructing a list of tests
[0.087s] Done constructing a list of tests
[0.087s] Updating test list for fixtures
[0.088s] Added 0 tests to meet fixture requirements
[0.088s] Checking test dependency graph...
[0.088s] Checking test dependency graph end
[0.088s] test 1
[0.088s]     Start 1: copyright
[0.088s] 
[0.088s] 1: Test command: /usr/bin/python3 "-u" "/opt/ros/humble/share/ament_cmake_test/cmake/run_test.py" "/home/wade/ros2_ws/build/examples_rclcpp_minimal_action_server/test_results/examples_rclcpp_minimal_action_server/copyright.xunit.xml" "--package-name" "examples_rclcpp_minimal_action_server" "--output-file" "/home/wade/ros2_ws/build/examples_rclcpp_minimal_action_server/ament_copyright/copyright.txt" "--command" "/opt/ros/humble/bin/ament_copyright" "--xunit-file" "/home/wade/ros2_ws/build/examples_rclcpp_minimal_action_server/test_results/examples_rclcpp_minimal_action_server/copyright.xunit.xml"
[0.088s] 1: Test timeout computed to be: 200
[0.195s] 1: -- run_test.py: invoking following command in '/home/wade/ros2_ws/src/examples/rclcpp/actions/minimal_action_server':
[0.195s] 1:  - /opt/ros/humble/bin/ament_copyright --xunit-file /home/wade/ros2_ws/build/examples_rclcpp_minimal_action_server/test_results/examples_rclcpp_minimal_action_server/copyright.xunit.xml
[0.427s] 1: No problems found, checked 2 files
[0.441s] 1: -- run_test.py: return code 0
[0.441s] 1: -- run_test.py: verify result file '/home/wade/ros2_ws/build/examples_rclcpp_minimal_action_server/test_results/examples_rclcpp_minimal_action_server/copyright.xunit.xml'
[0.453s] 1/6 Test #1: copyright ........................   Passed    0.38 sec
[0.453s] test 2
[0.453s]     Start 2: cppcheck
[0.453s] 
[0.454s] 2: Test command: /usr/bin/python3 "-u" "/opt/ros/humble/share/ament_cmake_test/cmake/run_test.py" "/home/wade/ros2_ws/build/examples_rclcpp_minimal_action_server/test_results/examples_rclcpp_minimal_action_server/cppcheck.xunit.xml" "--package-name" "examples_rclcpp_minimal_action_server" "--output-file" "/home/wade/ros2_ws/build/examples_rclcpp_minimal_action_server/ament_cppcheck/cppcheck.txt" "--command" "/opt/ros/humble/bin/ament_cppcheck" "--xunit-file" "/home/wade/ros2_ws/build/examples_rclcpp_minimal_action_server/test_results/examples_rclcpp_minimal_action_server/cppcheck.xunit.xml"
[0.454s] 2: Test timeout computed to be: 300
[0.529s] 2: -- run_test.py: invoking following command in '/home/wade/ros2_ws/src/examples/rclcpp/actions/minimal_action_server':
[0.529s] 2:  - /opt/ros/humble/bin/ament_cppcheck --xunit-file /home/wade/ros2_ws/build/examples_rclcpp_minimal_action_server/test_results/examples_rclcpp_minimal_action_server/cppcheck.xunit.xml
[0.611s] 2: cppcheck 2.7 has known performance issues and therefore will not be used, set the AMENT_CPPCHECK_ALLOW_SLOW_VERSIONS environment variable to override this.
[0.629s] 2: -- run_test.py: return code 0
[0.629s] 2: -- run_test.py: verify result file '/home/wade/ros2_ws/build/examples_rclcpp_minimal_action_server/test_results/examples_rclcpp_minimal_action_server/cppcheck.xunit.xml'
[0.641s] 2/6 Test #2: cppcheck .........................   Passed    0.19 sec
[0.642s] test 3
[0.642s]     Start 3: cpplint
[0.642s] 
[0.642s] 3: Test command: /usr/bin/python3 "-u" "/opt/ros/humble/share/ament_cmake_test/cmake/run_test.py" "/home/wade/ros2_ws/build/examples_rclcpp_minimal_action_server/test_results/examples_rclcpp_minimal_action_server/cpplint.xunit.xml" "--package-name" "examples_rclcpp_minimal_action_server" "--output-file" "/home/wade/ros2_ws/build/examples_rclcpp_minimal_action_server/ament_cpplint/cpplint.txt" "--command" "/opt/ros/humble/bin/ament_cpplint" "--xunit-file" "/home/wade/ros2_ws/build/examples_rclcpp_minimal_action_server/test_results/examples_rclcpp_minimal_action_server/cpplint.xunit.xml"
[0.643s] 3: Test timeout computed to be: 120
[0.705s] 3: -- run_test.py: invoking following command in '/home/wade/ros2_ws/src/examples/rclcpp/actions/minimal_action_server':
[0.705s] 3:  - /opt/ros/humble/bin/ament_cpplint --xunit-file /home/wade/ros2_ws/build/examples_rclcpp_minimal_action_server/test_results/examples_rclcpp_minimal_action_server/cpplint.xunit.xml
[0.837s] 3: Using '--root=..' argument
[0.837s] 3: 
[0.837s] 3: Done processing /home/wade/ros2_ws/src/examples/rclcpp/actions/minimal_action_server/member_functions.cpp
[0.837s] 3: 
[0.837s] 3: Done processing /home/wade/ros2_ws/src/examples/rclcpp/actions/minimal_action_server/not_composable.cpp
[0.838s] 3: 
[0.838s] 3: No problems found
[0.853s] 3: -- run_test.py: return code 0
[0.853s] 3: -- run_test.py: verify result file '/home/wade/ros2_ws/build/examples_rclcpp_minimal_action_server/test_results/examples_rclcpp_minimal_action_server/cpplint.xunit.xml'
[0.865s] 3/6 Test #3: cpplint ..........................   Passed    0.22 sec
[0.866s] test 4
[0.866s]     Start 4: lint_cmake
[0.866s] 
[0.866s] 4: Test command: /usr/bin/python3 "-u" "/opt/ros/humble/share/ament_cmake_test/cmake/run_test.py" "/home/wade/ros2_ws/build/examples_rclcpp_minimal_action_server/test_results/examples_rclcpp_minimal_action_server/lint_cmake.xunit.xml" "--package-name" "examples_rclcpp_minimal_action_server" "--output-file" "/home/wade/ros2_ws/build/examples_rclcpp_minimal_action_server/ament_lint_cmake/lint_cmake.txt" "--command" "/opt/ros/humble/bin/ament_lint_cmake" "--xunit-file" "/home/wade/ros2_ws/build/examples_rclcpp_minimal_action_server/test_results/examples_rclcpp_minimal_action_server/lint_cmake.xunit.xml"
[0.866s] 4: Test timeout computed to be: 60
[0.922s] 4: -- run_test.py: invoking following command in '/home/wade/ros2_ws/src/examples/rclcpp/actions/minimal_action_server':
[0.922s] 4:  - /opt/ros/humble/bin/ament_lint_cmake --xunit-file /home/wade/ros2_ws/build/examples_rclcpp_minimal_action_server/test_results/examples_rclcpp_minimal_action_server/lint_cmake.xunit.xml
[0.991s] 4: 
[0.991s] 4: No problems found
[1.005s] 4: -- run_test.py: return code 0
[1.005s] 4: -- run_test.py: verify result file '/home/wade/ros2_ws/build/examples_rclcpp_minimal_action_server/test_results/examples_rclcpp_minimal_action_server/lint_cmake.xunit.xml'
[1.012s] 4/6 Test #4: lint_cmake .......................   Passed    0.15 sec
[1.013s] test 5
[1.013s]     Start 5: uncrustify
[1.013s] 
[1.013s] 5: Test command: /usr/bin/python3 "-u" "/opt/ros/humble/share/ament_cmake_test/cmake/run_test.py" "/home/wade/ros2_ws/build/examples_rclcpp_minimal_action_server/test_results/examples_rclcpp_minimal_action_server/uncrustify.xunit.xml" "--package-name" "examples_rclcpp_minimal_action_server" "--output-file" "/home/wade/ros2_ws/build/examples_rclcpp_minimal_action_server/ament_uncrustify/uncrustify.txt" "--command" "/opt/ros/humble/bin/ament_uncrustify" "--xunit-file" "/home/wade/ros2_ws/build/examples_rclcpp_minimal_action_server/test_results/examples_rclcpp_minimal_action_server/uncrustify.xunit.xml"
[1.013s] 5: Test timeout computed to be: 60
[1.065s] 5: -- run_test.py: invoking following command in '/home/wade/ros2_ws/src/examples/rclcpp/actions/minimal_action_server':
[1.066s] 5:  - /opt/ros/humble/bin/ament_uncrustify --xunit-file /home/wade/ros2_ws/build/examples_rclcpp_minimal_action_server/test_results/examples_rclcpp_minimal_action_server/uncrustify.xunit.xml
[1.137s] 5: No code style divergence in file 'member_functions.cpp'
[1.137s] 5: 
[1.137s] 5: No code style divergence in file 'not_composable.cpp'
[1.137s] 5: 
[1.137s] 5: No problems found
[1.147s] 5: -- run_test.py: return code 0
[1.147s] 5: -- run_test.py: verify result file '/home/wade/ros2_ws/build/examples_rclcpp_minimal_action_server/test_results/examples_rclcpp_minimal_action_server/uncrustify.xunit.xml'
[1.159s] 5/6 Test #5: uncrustify .......................   Passed    0.15 sec
[1.159s] test 6
[1.159s]     Start 6: xmllint
[1.159s] 
[1.159s] 6: Test command: /usr/bin/python3 "-u" "/opt/ros/humble/share/ament_cmake_test/cmake/run_test.py" "/home/wade/ros2_ws/build/examples_rclcpp_minimal_action_server/test_results/examples_rclcpp_minimal_action_server/xmllint.xunit.xml" "--package-name" "examples_rclcpp_minimal_action_server" "--output-file" "/home/wade/ros2_ws/build/examples_rclcpp_minimal_action_server/ament_xmllint/xmllint.txt" "--command" "/opt/ros/humble/bin/ament_xmllint" "--xunit-file" "/home/wade/ros2_ws/build/examples_rclcpp_minimal_action_server/test_results/examples_rclcpp_minimal_action_server/xmllint.xunit.xml"
[1.159s] 6: Test timeout computed to be: 60
[1.213s] 6: -- run_test.py: invoking following command in '/home/wade/ros2_ws/src/examples/rclcpp/actions/minimal_action_server':
[1.213s] 6:  - /opt/ros/humble/bin/ament_xmllint --xunit-file /home/wade/ros2_ws/build/examples_rclcpp_minimal_action_server/test_results/examples_rclcpp_minimal_action_server/xmllint.xunit.xml
[1.278s] 6: File 'package.xml' is invalid:
[1.278s] 6: error : Resource temporarily unavailable
[1.278s] 6: warning: failed to load external entity "http://download.ros.org/schema/package_format2.xsd"
[1.278s] 6: Schemas parser error : Failed to locate the main schema resource at 'http://download.ros.org/schema/package_format2.xsd'.
[1.278s] 6: WXS schema http://download.ros.org/schema/package_format2.xsd failed to compile
[1.278s] 6: 
[1.278s] 6: 1 files are invalid
[1.288s] 6: -- run_test.py: return code 1
[1.288s] 6: -- run_test.py: verify result file '/home/wade/ros2_ws/build/examples_rclcpp_minimal_action_server/test_results/examples_rclcpp_minimal_action_server/xmllint.xunit.xml'
[1.297s] 6/6 Test #6: xmllint ..........................***Failed    0.14 sec
[1.297s] 
[1.297s] 83% tests passed[0;0m, [0;31m1 tests failed[0;0m out of 6
[1.297s] 
[1.297s] Label Time Summary:
[1.297s] copyright     =   0.38 sec*proc (1 test)
[1.297s] cppcheck      =   0.19 sec*proc (1 test)
[1.297s] cpplint       =   0.22 sec*proc (1 test)
[1.297s] lint_cmake    =   0.15 sec*proc (1 test)
[1.297s] linter        =   1.22 sec*proc (6 tests)
[1.297s] uncrustify    =   0.15 sec*proc (1 test)
[1.297s] xmllint       =   0.14 sec*proc (1 test)
[1.297s] 
[1.297s] Total Test time (real) =   1.22 sec
[1.297s] 
[1.297s] The following tests FAILED:
[1.297s] 	[0;31m  6 - xmllint (Failed)[0;0m
[1.299s] Errors while running CTest
[1.299s] Output from these tests are in: /home/wade/ros2_ws/build/examples_rclcpp_minimal_action_server/Testing/Temporary/LastTest.log
[1.299s] Use "--rerun-failed --output-on-failure" to re-run the failed cases verbosely.
[1.436s] Invoked command in '/home/wade/ros2_ws/build/examples_rclcpp_minimal_action_server' returned '8': AMENT_PREFIX_PATH=/home/wade/ros2_ws/install/examples_rclcpp_minimal_action_server:${AMENT_PREFIX_PATH} CMAKE_PREFIX_PATH=/home/wade/ros2_ws/install/examples_rclcpp_minimal_action_server /usr/bin/ctest -C Release -D ExperimentalTest --no-compress-output -V --force-new-ctest-process
