[0.056s] Invoking command in '/home/wade/ros2_ws/build/examples_rclcpp_minimal_subscriber': AMENT_PREFIX_PATH=/home/wade/ros2_ws/install/examples_rclcpp_minimal_subscriber:${AMENT_PREFIX_PATH} CMAKE_PREFIX_PATH=/home/wade/ros2_ws/install/examples_rclcpp_minimal_subscriber LD_LIBRARY_PATH=/home/wade/ros2_ws/install/examples_rclcpp_minimal_subscriber/lib:${LD_LIBRARY_PATH} /usr/bin/ctest -C Release -D ExperimentalTest --no-compress-output -V --force-new-ctest-process
[0.088s] UpdateCTestConfiguration  from :/home/wade/ros2_ws/build/examples_rclcpp_minimal_subscriber/CTestConfiguration.ini
[0.088s] Parse Config file:/home/wade/ros2_ws/build/examples_rclcpp_minimal_subscriber/CTestConfiguration.ini
[0.088s]    Site: wade-LOQ-15APH8
[0.088s]    Build name: (empty)
[0.088s]  Add coverage exclude regular expressions.
[0.088s] Create new tag: 20241225-0221 - Experimental
[0.088s] UpdateCTestConfiguration  from :/home/wade/ros2_ws/build/examples_rclcpp_minimal_subscriber/CTestConfiguration.ini
[0.088s] Parse Config file:/home/wade/ros2_ws/build/examples_rclcpp_minimal_subscriber/CTestConfiguration.ini
[0.088s] Test project /home/wade/ros2_ws/build/examples_rclcpp_minimal_subscriber
[0.088s] Constructing a list of tests
[0.088s] Done constructing a list of tests
[0.088s] Updating test list for fixtures
[0.088s] Added 0 tests to meet fixture requirements
[0.089s] Checking test dependency graph...
[0.089s] Checking test dependency graph end
[0.089s] test 1
[0.089s]     Start 1: copyright
[0.089s] 
[0.089s] 1: Test command: /usr/bin/python3 "-u" "/opt/ros/humble/share/ament_cmake_test/cmake/run_test.py" "/home/wade/ros2_ws/build/examples_rclcpp_minimal_subscriber/test_results/examples_rclcpp_minimal_subscriber/copyright.xunit.xml" "--package-name" "examples_rclcpp_minimal_subscriber" "--output-file" "/home/wade/ros2_ws/build/examples_rclcpp_minimal_subscriber/ament_copyright/copyright.txt" "--command" "/opt/ros/humble/bin/ament_copyright" "--xunit-file" "/home/wade/ros2_ws/build/examples_rclcpp_minimal_subscriber/test_results/examples_rclcpp_minimal_subscriber/copyright.xunit.xml"
[0.089s] 1: Test timeout computed to be: 200
[0.172s] 1: -- run_test.py: invoking following command in '/home/wade/ros2_ws/src/examples/rclcpp/topics/minimal_subscriber':
[0.172s] 1:  - /opt/ros/humble/bin/ament_copyright --xunit-file /home/wade/ros2_ws/build/examples_rclcpp_minimal_subscriber/test_results/examples_rclcpp_minimal_subscriber/copyright.xunit.xml
[0.653s] 1: No problems found, checked 10 files
[0.667s] 1: -- run_test.py: return code 0
[0.667s] 1: -- run_test.py: verify result file '/home/wade/ros2_ws/build/examples_rclcpp_minimal_subscriber/test_results/examples_rclcpp_minimal_subscriber/copyright.xunit.xml'
[0.681s] 1/6 Test #1: copyright ........................   Passed    0.62 sec
[0.681s] test 2
[0.681s]     Start 2: cppcheck
[0.681s] 
[0.681s] 2: Test command: /usr/bin/python3 "-u" "/opt/ros/humble/share/ament_cmake_test/cmake/run_test.py" "/home/wade/ros2_ws/build/examples_rclcpp_minimal_subscriber/test_results/examples_rclcpp_minimal_subscriber/cppcheck.xunit.xml" "--package-name" "examples_rclcpp_minimal_subscriber" "--output-file" "/home/wade/ros2_ws/build/examples_rclcpp_minimal_subscriber/ament_cppcheck/cppcheck.txt" "--command" "/opt/ros/humble/bin/ament_cppcheck" "--xunit-file" "/home/wade/ros2_ws/build/examples_rclcpp_minimal_subscriber/test_results/examples_rclcpp_minimal_subscriber/cppcheck.xunit.xml"
[0.681s] 2: Test timeout computed to be: 300
[0.738s] 2: -- run_test.py: invoking following command in '/home/wade/ros2_ws/src/examples/rclcpp/topics/minimal_subscriber':
[0.739s] 2:  - /opt/ros/humble/bin/ament_cppcheck --xunit-file /home/wade/ros2_ws/build/examples_rclcpp_minimal_subscriber/test_results/examples_rclcpp_minimal_subscriber/cppcheck.xunit.xml
[0.811s] 2: cppcheck 2.7 has known performance issues and therefore will not be used, set the AMENT_CPPCHECK_ALLOW_SLOW_VERSIONS environment variable to override this.
[0.826s] 2: -- run_test.py: return code 0
[0.827s] 2: -- run_test.py: verify result file '/home/wade/ros2_ws/build/examples_rclcpp_minimal_subscriber/test_results/examples_rclcpp_minimal_subscriber/cppcheck.xunit.xml'
[0.839s] 2/6 Test #2: cppcheck .........................   Passed    0.16 sec
[0.839s] test 3
[0.839s]     Start 3: cpplint
[0.839s] 
[0.839s] 3: Test command: /usr/bin/python3 "-u" "/opt/ros/humble/share/ament_cmake_test/cmake/run_test.py" "/home/wade/ros2_ws/build/examples_rclcpp_minimal_subscriber/test_results/examples_rclcpp_minimal_subscriber/cpplint.xunit.xml" "--package-name" "examples_rclcpp_minimal_subscriber" "--output-file" "/home/wade/ros2_ws/build/examples_rclcpp_minimal_subscriber/ament_cpplint/cpplint.txt" "--command" "/opt/ros/humble/bin/ament_cpplint" "--xunit-file" "/home/wade/ros2_ws/build/examples_rclcpp_minimal_subscriber/test_results/examples_rclcpp_minimal_subscriber/cpplint.xunit.xml"
[0.839s] 3: Test timeout computed to be: 120
[0.893s] 3: -- run_test.py: invoking following command in '/home/wade/ros2_ws/src/examples/rclcpp/topics/minimal_subscriber':
[0.893s] 3:  - /opt/ros/humble/bin/ament_cpplint --xunit-file /home/wade/ros2_ws/build/examples_rclcpp_minimal_subscriber/test_results/examples_rclcpp_minimal_subscriber/cpplint.xunit.xml
[1.130s] 3: Using '--root=..' argument
[1.130s] 3: 
[1.130s] 3: Done processing /home/wade/ros2_ws/src/examples/rclcpp/topics/minimal_subscriber/content_filtering.cpp
[1.130s] 3: 
[1.130s] 3: Done processing /home/wade/ros2_ws/src/examples/rclcpp/topics/minimal_subscriber/lambda.cpp
[1.130s] 3: 
[1.130s] 3: Done processing /home/wade/ros2_ws/src/examples/rclcpp/topics/minimal_subscriber/member_function.cpp
[1.130s] 3: 
[1.130s] 3: Done processing /home/wade/ros2_ws/src/examples/rclcpp/topics/minimal_subscriber/member_function_with_topic_statistics.cpp
[1.130s] 3: 
[1.130s] 3: Done processing /home/wade/ros2_ws/src/examples/rclcpp/topics/minimal_subscriber/member_function_with_type_adapter.cpp
[1.131s] 3: 
[1.131s] 3: Done processing /home/wade/ros2_ws/src/examples/rclcpp/topics/minimal_subscriber/member_function_with_unique_network_flow_endpoints.cpp
[1.131s] 3: 
[1.131s] 3: Done processing /home/wade/ros2_ws/src/examples/rclcpp/topics/minimal_subscriber/not_composable.cpp
[1.131s] 3: 
[1.131s] 3: Done processing /home/wade/ros2_ws/src/examples/rclcpp/topics/minimal_subscriber/static_wait_set_subscriber.cpp
[1.131s] 3: 
[1.131s] 3: Done processing /home/wade/ros2_ws/src/examples/rclcpp/topics/minimal_subscriber/time_triggered_wait_set_subscriber.cpp
[1.131s] 3: 
[1.131s] 3: Done processing /home/wade/ros2_ws/src/examples/rclcpp/topics/minimal_subscriber/wait_set_subscriber.cpp
[1.131s] 3: 
[1.131s] 3: No problems found
[1.141s] 3: -- run_test.py: return code 0
[1.141s] 3: -- run_test.py: verify result file '/home/wade/ros2_ws/build/examples_rclcpp_minimal_subscriber/test_results/examples_rclcpp_minimal_subscriber/cpplint.xunit.xml'
[1.152s] 3/6 Test #3: cpplint ..........................   Passed    0.31 sec
[1.153s] test 4
[1.153s]     Start 4: lint_cmake
[1.153s] 
[1.153s] 4: Test command: /usr/bin/python3 "-u" "/opt/ros/humble/share/ament_cmake_test/cmake/run_test.py" "/home/wade/ros2_ws/build/examples_rclcpp_minimal_subscriber/test_results/examples_rclcpp_minimal_subscriber/lint_cmake.xunit.xml" "--package-name" "examples_rclcpp_minimal_subscriber" "--output-file" "/home/wade/ros2_ws/build/examples_rclcpp_minimal_subscriber/ament_lint_cmake/lint_cmake.txt" "--command" "/opt/ros/humble/bin/ament_lint_cmake" "--xunit-file" "/home/wade/ros2_ws/build/examples_rclcpp_minimal_subscriber/test_results/examples_rclcpp_minimal_subscriber/lint_cmake.xunit.xml"
[1.153s] 4: Test timeout computed to be: 60
[1.208s] 4: -- run_test.py: invoking following command in '/home/wade/ros2_ws/src/examples/rclcpp/topics/minimal_subscriber':
[1.208s] 4:  - /opt/ros/humble/bin/ament_lint_cmake --xunit-file /home/wade/ros2_ws/build/examples_rclcpp_minimal_subscriber/test_results/examples_rclcpp_minimal_subscriber/lint_cmake.xunit.xml
[1.267s] 4: 
[1.267s] 4: No problems found
[1.279s] 4: -- run_test.py: return code 0
[1.279s] 4: -- run_test.py: verify result file '/home/wade/ros2_ws/build/examples_rclcpp_minimal_subscriber/test_results/examples_rclcpp_minimal_subscriber/lint_cmake.xunit.xml'
[1.286s] 4/6 Test #4: lint_cmake .......................   Passed    0.13 sec
[1.286s] test 5
[1.286s]     Start 5: uncrustify
[1.286s] 
[1.286s] 5: Test command: /usr/bin/python3 "-u" "/opt/ros/humble/share/ament_cmake_test/cmake/run_test.py" "/home/wade/ros2_ws/build/examples_rclcpp_minimal_subscriber/test_results/examples_rclcpp_minimal_subscriber/uncrustify.xunit.xml" "--package-name" "examples_rclcpp_minimal_subscriber" "--output-file" "/home/wade/ros2_ws/build/examples_rclcpp_minimal_subscriber/ament_uncrustify/uncrustify.txt" "--command" "/opt/ros/humble/bin/ament_uncrustify" "--xunit-file" "/home/wade/ros2_ws/build/examples_rclcpp_minimal_subscriber/test_results/examples_rclcpp_minimal_subscriber/uncrustify.xunit.xml"
[1.286s] 5: Test timeout computed to be: 60
[1.324s] 5: -- run_test.py: invoking following command in '/home/wade/ros2_ws/src/examples/rclcpp/topics/minimal_subscriber':
[1.324s] 5:  - /opt/ros/humble/bin/ament_uncrustify --xunit-file /home/wade/ros2_ws/build/examples_rclcpp_minimal_subscriber/test_results/examples_rclcpp_minimal_subscriber/uncrustify.xunit.xml
[1.378s] 5: No code style divergence in file 'content_filtering.cpp'
[1.378s] 5: 
[1.378s] 5: No code style divergence in file 'lambda.cpp'
[1.378s] 5: 
[1.378s] 5: No code style divergence in file 'member_function.cpp'
[1.378s] 5: 
[1.378s] 5: No code style divergence in file 'member_function_with_topic_statistics.cpp'
[1.378s] 5: 
[1.378s] 5: No code style divergence in file 'member_function_with_type_adapter.cpp'
[1.378s] 5: 
[1.378s] 5: No code style divergence in file 'member_function_with_unique_network_flow_endpoints.cpp'
[1.378s] 5: 
[1.378s] 5: No code style divergence in file 'not_composable.cpp'
[1.378s] 5: 
[1.378s] 5: No code style divergence in file 'static_wait_set_subscriber.cpp'
[1.378s] 5: 
[1.378s] 5: No code style divergence in file 'time_triggered_wait_set_subscriber.cpp'
[1.378s] 5: 
[1.378s] 5: No code style divergence in file 'wait_set_subscriber.cpp'
[1.378s] 5: 
[1.378s] 5: No problems found
[1.385s] 5: -- run_test.py: return code 0
[1.385s] 5: -- run_test.py: verify result file '/home/wade/ros2_ws/build/examples_rclcpp_minimal_subscriber/test_results/examples_rclcpp_minimal_subscriber/uncrustify.xunit.xml'
[1.391s] 5/6 Test #5: uncrustify .......................   Passed    0.10 sec
[1.391s] test 6
[1.391s]     Start 6: xmllint
[1.391s] 
[1.391s] 6: Test command: /usr/bin/python3 "-u" "/opt/ros/humble/share/ament_cmake_test/cmake/run_test.py" "/home/wade/ros2_ws/build/examples_rclcpp_minimal_subscriber/test_results/examples_rclcpp_minimal_subscriber/xmllint.xunit.xml" "--package-name" "examples_rclcpp_minimal_subscriber" "--output-file" "/home/wade/ros2_ws/build/examples_rclcpp_minimal_subscriber/ament_xmllint/xmllint.txt" "--command" "/opt/ros/humble/bin/ament_xmllint" "--xunit-file" "/home/wade/ros2_ws/build/examples_rclcpp_minimal_subscriber/test_results/examples_rclcpp_minimal_subscriber/xmllint.xunit.xml"
[1.391s] 6: Test timeout computed to be: 60
[1.428s] 6: -- run_test.py: invoking following command in '/home/wade/ros2_ws/src/examples/rclcpp/topics/minimal_subscriber':
[1.428s] 6:  - /opt/ros/humble/bin/ament_xmllint --xunit-file /home/wade/ros2_ws/build/examples_rclcpp_minimal_subscriber/test_results/examples_rclcpp_minimal_subscriber/xmllint.xunit.xml
[1.470s] 6: File 'package.xml' is invalid:
[1.470s] 6: error : Resource temporarily unavailable
[1.470s] 6: warning: failed to load external entity "http://download.ros.org/schema/package_format2.xsd"
[1.470s] 6: Schemas parser error : Failed to locate the main schema resource at 'http://download.ros.org/schema/package_format2.xsd'.
[1.470s] 6: WXS schema http://download.ros.org/schema/package_format2.xsd failed to compile
[1.470s] 6: 
[1.471s] 6: 1 files are invalid
[1.478s] 6: -- run_test.py: return code 1
[1.478s] 6: -- run_test.py: verify result file '/home/wade/ros2_ws/build/examples_rclcpp_minimal_subscriber/test_results/examples_rclcpp_minimal_subscriber/xmllint.xunit.xml'
[1.484s] 6/6 Test #6: xmllint ..........................***Failed    0.09 sec
[1.484s] 
[1.484s] 83% tests passed[0;0m, [0;31m1 tests failed[0;0m out of 6
[1.484s] 
[1.485s] Label Time Summary:
[1.485s] copyright     =   0.62 sec*proc (1 test)
[1.485s] cppcheck      =   0.16 sec*proc (1 test)
[1.485s] cpplint       =   0.31 sec*proc (1 test)
[1.485s] lint_cmake    =   0.13 sec*proc (1 test)
[1.485s] linter        =   1.42 sec*proc (6 tests)
[1.485s] uncrustify    =   0.10 sec*proc (1 test)
[1.485s] xmllint       =   0.09 sec*proc (1 test)
[1.485s] 
[1.485s] Total Test time (real) =   1.42 sec
[1.485s] 
[1.485s] The following tests FAILED:
[1.485s] 	[0;31m  6 - xmllint (Failed)[0;0m
[1.486s] Errors while running CTest
[1.487s] Output from these tests are in: /home/wade/ros2_ws/build/examples_rclcpp_minimal_subscriber/Testing/Temporary/LastTest.log
[1.487s] Use "--rerun-failed --output-on-failure" to re-run the failed cases verbosely.
[2.457s] Invoked command in '/home/wade/ros2_ws/build/examples_rclcpp_minimal_subscriber' returned '8': AMENT_PREFIX_PATH=/home/wade/ros2_ws/install/examples_rclcpp_minimal_subscriber:${AMENT_PREFIX_PATH} CMAKE_PREFIX_PATH=/home/wade/ros2_ws/install/examples_rclcpp_minimal_subscriber LD_LIBRARY_PATH=/home/wade/ros2_ws/install/examples_rclcpp_minimal_subscriber/lib:${LD_LIBRARY_PATH} /usr/bin/ctest -C Release -D ExperimentalTest --no-compress-output -V --force-new-ctest-process
