[0.053s] Invoking command in '/home/wade/ros2_ws/build/examples_rclcpp_multithreaded_executor': AMENT_PREFIX_PATH=/home/wade/ros2_ws/install/examples_rclcpp_multithreaded_executor:${AMENT_PREFIX_PATH} CMAKE_PREFIX_PATH=/home/wade/ros2_ws/install/examples_rclcpp_multithreaded_executor /usr/bin/ctest -C Release -D ExperimentalTest --no-compress-output -V --force-new-ctest-process
[0.084s] UpdateCTestConfiguration  from :/home/wade/ros2_ws/build/examples_rclcpp_multithreaded_executor/CTestConfiguration.ini
[0.084s] Parse Config file:/home/wade/ros2_ws/build/examples_rclcpp_multithreaded_executor/CTestConfiguration.ini
[0.084s]    Site: wade-LOQ-15APH8
[0.084s]    Build name: (empty)
[0.084s]  Add coverage exclude regular expressions.
[0.084s] Create new tag: 20241225-0221 - Experimental
[0.084s] UpdateCTestConfiguration  from :/home/wade/ros2_ws/build/examples_rclcpp_multithreaded_executor/CTestConfiguration.ini
[0.084s] Parse Config file:/home/wade/ros2_ws/build/examples_rclcpp_multithreaded_executor/CTestConfiguration.ini
[0.084s] Test project /home/wade/ros2_ws/build/examples_rclcpp_multithreaded_executor
[0.085s] Constructing a list of tests
[0.085s] Done constructing a list of tests
[0.085s] Updating test list for fixtures
[0.085s] Added 0 tests to meet fixture requirements
[0.085s] Checking test dependency graph...
[0.085s] Checking test dependency graph end
[0.085s] test 1
[0.085s]     Start 1: copyright
[0.085s] 
[0.085s] 1: Test command: /usr/bin/python3 "-u" "/opt/ros/humble/share/ament_cmake_test/cmake/run_test.py" "/home/wade/ros2_ws/build/examples_rclcpp_multithreaded_executor/test_results/examples_rclcpp_multithreaded_executor/copyright.xunit.xml" "--package-name" "examples_rclcpp_multithreaded_executor" "--output-file" "/home/wade/ros2_ws/build/examples_rclcpp_multithreaded_executor/ament_copyright/copyright.txt" "--command" "/opt/ros/humble/bin/ament_copyright" "--xunit-file" "/home/wade/ros2_ws/build/examples_rclcpp_multithreaded_executor/test_results/examples_rclcpp_multithreaded_executor/copyright.xunit.xml"
[0.085s] 1: Test timeout computed to be: 200
[0.161s] 1: -- run_test.py: invoking following command in '/home/wade/ros2_ws/src/examples/rclcpp/executors/multithreaded_executor':
[0.161s] 1:  - /opt/ros/humble/bin/ament_copyright --xunit-file /home/wade/ros2_ws/build/examples_rclcpp_multithreaded_executor/test_results/examples_rclcpp_multithreaded_executor/copyright.xunit.xml
[0.354s] 1: No problems found, checked 1 files
[0.365s] 1: -- run_test.py: return code 0
[0.366s] 1: -- run_test.py: verify result file '/home/wade/ros2_ws/build/examples_rclcpp_multithreaded_executor/test_results/examples_rclcpp_multithreaded_executor/copyright.xunit.xml'
[0.380s] 1/6 Test #1: copyright ........................   Passed    0.32 sec
[0.380s] test 2
[0.381s]     Start 2: cppcheck
[0.381s] 
[0.381s] 2: Test command: /usr/bin/python3 "-u" "/opt/ros/humble/share/ament_cmake_test/cmake/run_test.py" "/home/wade/ros2_ws/build/examples_rclcpp_multithreaded_executor/test_results/examples_rclcpp_multithreaded_executor/cppcheck.xunit.xml" "--package-name" "examples_rclcpp_multithreaded_executor" "--output-file" "/home/wade/ros2_ws/build/examples_rclcpp_multithreaded_executor/ament_cppcheck/cppcheck.txt" "--command" "/opt/ros/humble/bin/ament_cppcheck" "--xunit-file" "/home/wade/ros2_ws/build/examples_rclcpp_multithreaded_executor/test_results/examples_rclcpp_multithreaded_executor/cppcheck.xunit.xml"
[0.381s] 2: Test timeout computed to be: 300
[0.458s] 2: -- run_test.py: invoking following command in '/home/wade/ros2_ws/src/examples/rclcpp/executors/multithreaded_executor':
[0.458s] 2:  - /opt/ros/humble/bin/ament_cppcheck --xunit-file /home/wade/ros2_ws/build/examples_rclcpp_multithreaded_executor/test_results/examples_rclcpp_multithreaded_executor/cppcheck.xunit.xml
[0.557s] 2: cppcheck 2.7 has known performance issues and therefore will not be used, set the AMENT_CPPCHECK_ALLOW_SLOW_VERSIONS environment variable to override this.
[0.576s] 2: -- run_test.py: return code 0
[0.576s] 2: -- run_test.py: verify result file '/home/wade/ros2_ws/build/examples_rclcpp_multithreaded_executor/test_results/examples_rclcpp_multithreaded_executor/cppcheck.xunit.xml'
[0.594s] 2/6 Test #2: cppcheck .........................   Passed    0.21 sec
[0.594s] test 3
[0.594s]     Start 3: cpplint
[0.595s] 
[0.595s] 3: Test command: /usr/bin/python3 "-u" "/opt/ros/humble/share/ament_cmake_test/cmake/run_test.py" "/home/wade/ros2_ws/build/examples_rclcpp_multithreaded_executor/test_results/examples_rclcpp_multithreaded_executor/cpplint.xunit.xml" "--package-name" "examples_rclcpp_multithreaded_executor" "--output-file" "/home/wade/ros2_ws/build/examples_rclcpp_multithreaded_executor/ament_cpplint/cpplint.txt" "--command" "/opt/ros/humble/bin/ament_cpplint" "--xunit-file" "/home/wade/ros2_ws/build/examples_rclcpp_multithreaded_executor/test_results/examples_rclcpp_multithreaded_executor/cpplint.xunit.xml"
[0.595s] 3: Test timeout computed to be: 120
[0.660s] 3: -- run_test.py: invoking following command in '/home/wade/ros2_ws/src/examples/rclcpp/executors/multithreaded_executor':
[0.660s] 3:  - /opt/ros/humble/bin/ament_cpplint --xunit-file /home/wade/ros2_ws/build/examples_rclcpp_multithreaded_executor/test_results/examples_rclcpp_multithreaded_executor/cpplint.xunit.xml
[0.783s] 3: Using '--root=..' argument
[0.783s] 3: 
[0.783s] 3: Done processing /home/wade/ros2_ws/src/examples/rclcpp/executors/multithreaded_executor/multithreaded_executor.cpp
[0.783s] 3: 
[0.783s] 3: No problems found
[0.800s] 3: -- run_test.py: return code 0
[0.800s] 3: -- run_test.py: verify result file '/home/wade/ros2_ws/build/examples_rclcpp_multithreaded_executor/test_results/examples_rclcpp_multithreaded_executor/cpplint.xunit.xml'
[0.811s] 3/6 Test #3: cpplint ..........................   Passed    0.22 sec
[0.811s] test 4
[0.811s]     Start 4: lint_cmake
[0.811s] 
[0.811s] 4: Test command: /usr/bin/python3 "-u" "/opt/ros/humble/share/ament_cmake_test/cmake/run_test.py" "/home/wade/ros2_ws/build/examples_rclcpp_multithreaded_executor/test_results/examples_rclcpp_multithreaded_executor/lint_cmake.xunit.xml" "--package-name" "examples_rclcpp_multithreaded_executor" "--output-file" "/home/wade/ros2_ws/build/examples_rclcpp_multithreaded_executor/ament_lint_cmake/lint_cmake.txt" "--command" "/opt/ros/humble/bin/ament_lint_cmake" "--xunit-file" "/home/wade/ros2_ws/build/examples_rclcpp_multithreaded_executor/test_results/examples_rclcpp_multithreaded_executor/lint_cmake.xunit.xml"
[0.811s] 4: Test timeout computed to be: 60
[0.863s] 4: -- run_test.py: invoking following command in '/home/wade/ros2_ws/src/examples/rclcpp/executors/multithreaded_executor':
[0.863s] 4:  - /opt/ros/humble/bin/ament_lint_cmake --xunit-file /home/wade/ros2_ws/build/examples_rclcpp_multithreaded_executor/test_results/examples_rclcpp_multithreaded_executor/lint_cmake.xunit.xml
[0.923s] 4: 
[0.923s] 4: No problems found
[0.942s] 4: -- run_test.py: return code 0
[0.942s] 4: -- run_test.py: verify result file '/home/wade/ros2_ws/build/examples_rclcpp_multithreaded_executor/test_results/examples_rclcpp_multithreaded_executor/lint_cmake.xunit.xml'
[0.954s] 4/6 Test #4: lint_cmake .......................   Passed    0.14 sec
[0.954s] test 5
[0.954s]     Start 5: uncrustify
[0.954s] 
[0.954s] 5: Test command: /usr/bin/python3 "-u" "/opt/ros/humble/share/ament_cmake_test/cmake/run_test.py" "/home/wade/ros2_ws/build/examples_rclcpp_multithreaded_executor/test_results/examples_rclcpp_multithreaded_executor/uncrustify.xunit.xml" "--package-name" "examples_rclcpp_multithreaded_executor" "--output-file" "/home/wade/ros2_ws/build/examples_rclcpp_multithreaded_executor/ament_uncrustify/uncrustify.txt" "--command" "/opt/ros/humble/bin/ament_uncrustify" "--xunit-file" "/home/wade/ros2_ws/build/examples_rclcpp_multithreaded_executor/test_results/examples_rclcpp_multithreaded_executor/uncrustify.xunit.xml"
[0.954s] 5: Test timeout computed to be: 60
[1.006s] 5: -- run_test.py: invoking following command in '/home/wade/ros2_ws/src/examples/rclcpp/executors/multithreaded_executor':
[1.006s] 5:  - /opt/ros/humble/bin/ament_uncrustify --xunit-file /home/wade/ros2_ws/build/examples_rclcpp_multithreaded_executor/test_results/examples_rclcpp_multithreaded_executor/uncrustify.xunit.xml
[1.076s] 5: No code style divergence in file 'multithreaded_executor.cpp'
[1.076s] 5: 
[1.076s] 5: No problems found
[1.087s] 5: -- run_test.py: return code 0
[1.087s] 5: -- run_test.py: verify result file '/home/wade/ros2_ws/build/examples_rclcpp_multithreaded_executor/test_results/examples_rclcpp_multithreaded_executor/uncrustify.xunit.xml'
[1.100s] 5/6 Test #5: uncrustify .......................   Passed    0.15 sec
[1.100s] test 6
[1.100s]     Start 6: xmllint
[1.101s] 
[1.101s] 6: Test command: /usr/bin/python3 "-u" "/opt/ros/humble/share/ament_cmake_test/cmake/run_test.py" "/home/wade/ros2_ws/build/examples_rclcpp_multithreaded_executor/test_results/examples_rclcpp_multithreaded_executor/xmllint.xunit.xml" "--package-name" "examples_rclcpp_multithreaded_executor" "--output-file" "/home/wade/ros2_ws/build/examples_rclcpp_multithreaded_executor/ament_xmllint/xmllint.txt" "--command" "/opt/ros/humble/bin/ament_xmllint" "--xunit-file" "/home/wade/ros2_ws/build/examples_rclcpp_multithreaded_executor/test_results/examples_rclcpp_multithreaded_executor/xmllint.xunit.xml"
[1.101s] 6: Test timeout computed to be: 60
[1.150s] 6: -- run_test.py: invoking following command in '/home/wade/ros2_ws/src/examples/rclcpp/executors/multithreaded_executor':
[1.150s] 6:  - /opt/ros/humble/bin/ament_xmllint --xunit-file /home/wade/ros2_ws/build/examples_rclcpp_multithreaded_executor/test_results/examples_rclcpp_multithreaded_executor/xmllint.xunit.xml
[1.218s] 6: File 'package.xml' is invalid:
[1.218s] 6: error : Resource temporarily unavailable
[1.219s] 6: warning: failed to load external entity "http://download.ros.org/schema/package_format2.xsd"
[1.219s] 6: Schemas parser error : Failed to locate the main schema resource at 'http://download.ros.org/schema/package_format2.xsd'.
[1.219s] 6: WXS schema http://download.ros.org/schema/package_format2.xsd failed to compile
[1.219s] 6: 
[1.219s] 6: 1 files are invalid
[1.236s] 6: -- run_test.py: return code 1
[1.236s] 6: -- run_test.py: verify result file '/home/wade/ros2_ws/build/examples_rclcpp_multithreaded_executor/test_results/examples_rclcpp_multithreaded_executor/xmllint.xunit.xml'
[1.245s] 6/6 Test #6: xmllint ..........................***Failed    0.14 sec
[1.246s] 
[1.246s] 83% tests passed[0;0m, [0;31m1 tests failed[0;0m out of 6
[1.246s] 
[1.246s] Label Time Summary:
[1.246s] copyright     =   0.32 sec*proc (1 test)
[1.246s] cppcheck      =   0.21 sec*proc (1 test)
[1.246s] cpplint       =   0.22 sec*proc (1 test)
[1.246s] lint_cmake    =   0.14 sec*proc (1 test)
[1.246s] linter        =   1.19 sec*proc (6 tests)
[1.246s] uncrustify    =   0.15 sec*proc (1 test)
[1.246s] xmllint       =   0.14 sec*proc (1 test)
[1.246s] 
[1.246s] Total Test time (real) =   1.19 sec
[1.246s] 
[1.247s] The following tests FAILED:
[1.247s] 	[0;31m  6 - xmllint (Failed)[0;0m
[1.248s] Errors while running CTest
[1.248s] Output from these tests are in: /home/wade/ros2_ws/build/examples_rclcpp_multithreaded_executor/Testing/Temporary/LastTest.log
[1.248s] Use "--rerun-failed --output-on-failure" to re-run the failed cases verbosely.
[1.410s] Invoked command in '/home/wade/ros2_ws/build/examples_rclcpp_multithreaded_executor' returned '8': AMENT_PREFIX_PATH=/home/wade/ros2_ws/install/examples_rclcpp_multithreaded_executor:${AMENT_PREFIX_PATH} CMAKE_PREFIX_PATH=/home/wade/ros2_ws/install/examples_rclcpp_multithreaded_executor /usr/bin/ctest -C Release -D ExperimentalTest --no-compress-output -V --force-new-ctest-process
