[0.069s] Invoking command in '/home/wade/ros2_ws/build/examples_rclcpp_minimal_publisher': AMENT_PREFIX_PATH=/home/wade/ros2_ws/install/examples_rclcpp_minimal_publisher:${AMENT_PREFIX_PATH} CMAKE_PREFIX_PATH=/home/wade/ros2_ws/install/examples_rclcpp_minimal_publisher /usr/bin/ctest -C Release -D ExperimentalTest --no-compress-output -V --force-new-ctest-process
[0.100s] UpdateCTestConfiguration  from :/home/wade/ros2_ws/build/examples_rclcpp_minimal_publisher/CTestConfiguration.ini
[0.100s] Parse Config file:/home/wade/ros2_ws/build/examples_rclcpp_minimal_publisher/CTestConfiguration.ini
[0.101s]    Site: wade-LOQ-15APH8
[0.101s]    Build name: (empty)
[0.101s]  Add coverage exclude regular expressions.
[0.101s] Create new tag: 20241225-0221 - Experimental
[0.101s] UpdateCTestConfiguration  from :/home/wade/ros2_ws/build/examples_rclcpp_minimal_publisher/CTestConfiguration.ini
[0.101s] Parse Config file:/home/wade/ros2_ws/build/examples_rclcpp_minimal_publisher/CTestConfiguration.ini
[0.101s] Test project /home/wade/ros2_ws/build/examples_rclcpp_minimal_publisher
[0.102s] Constructing a list of tests
[0.102s] Done constructing a list of tests
[0.102s] Updating test list for fixtures
[0.102s] Added 0 tests to meet fixture requirements
[0.102s] Checking test dependency graph...
[0.102s] Checking test dependency graph end
[0.102s] test 1
[0.102s]     Start 1: copyright
[0.102s] 
[0.102s] 1: Test command: /usr/bin/python3 "-u" "/opt/ros/humble/share/ament_cmake_test/cmake/run_test.py" "/home/wade/ros2_ws/build/examples_rclcpp_minimal_publisher/test_results/examples_rclcpp_minimal_publisher/copyright.xunit.xml" "--package-name" "examples_rclcpp_minimal_publisher" "--output-file" "/home/wade/ros2_ws/build/examples_rclcpp_minimal_publisher/ament_copyright/copyright.txt" "--command" "/opt/ros/humble/bin/ament_copyright" "--xunit-file" "/home/wade/ros2_ws/build/examples_rclcpp_minimal_publisher/test_results/examples_rclcpp_minimal_publisher/copyright.xunit.xml"
[0.102s] 1: Test timeout computed to be: 200
[0.173s] 1: -- run_test.py: invoking following command in '/home/wade/ros2_ws/src/examples/rclcpp/topics/minimal_publisher':
[0.174s] 1:  - /opt/ros/humble/bin/ament_copyright --xunit-file /home/wade/ros2_ws/build/examples_rclcpp_minimal_publisher/test_results/examples_rclcpp_minimal_publisher/copyright.xunit.xml
[0.528s] 1: No problems found, checked 6 files
[0.537s] 1: -- run_test.py: return code 0
[0.537s] 1: -- run_test.py: verify result file '/home/wade/ros2_ws/build/examples_rclcpp_minimal_publisher/test_results/examples_rclcpp_minimal_publisher/copyright.xunit.xml'
[0.548s] 1/6 Test #1: copyright ........................   Passed    0.48 sec
[0.548s] test 2
[0.548s]     Start 2: cppcheck
[0.548s] 
[0.549s] 2: Test command: /usr/bin/python3 "-u" "/opt/ros/humble/share/ament_cmake_test/cmake/run_test.py" "/home/wade/ros2_ws/build/examples_rclcpp_minimal_publisher/test_results/examples_rclcpp_minimal_publisher/cppcheck.xunit.xml" "--package-name" "examples_rclcpp_minimal_publisher" "--output-file" "/home/wade/ros2_ws/build/examples_rclcpp_minimal_publisher/ament_cppcheck/cppcheck.txt" "--command" "/opt/ros/humble/bin/ament_cppcheck" "--xunit-file" "/home/wade/ros2_ws/build/examples_rclcpp_minimal_publisher/test_results/examples_rclcpp_minimal_publisher/cppcheck.xunit.xml"
[0.549s] 2: Test timeout computed to be: 300
[0.616s] 2: -- run_test.py: invoking following command in '/home/wade/ros2_ws/src/examples/rclcpp/topics/minimal_publisher':
[0.616s] 2:  - /opt/ros/humble/bin/ament_cppcheck --xunit-file /home/wade/ros2_ws/build/examples_rclcpp_minimal_publisher/test_results/examples_rclcpp_minimal_publisher/cppcheck.xunit.xml
[0.690s] 2: cppcheck 2.7 has known performance issues and therefore will not be used, set the AMENT_CPPCHECK_ALLOW_SLOW_VERSIONS environment variable to override this.
[0.708s] 2: -- run_test.py: return code 0
[0.709s] 2: -- run_test.py: verify result file '/home/wade/ros2_ws/build/examples_rclcpp_minimal_publisher/test_results/examples_rclcpp_minimal_publisher/cppcheck.xunit.xml'
[0.720s] 2/6 Test #2: cppcheck .........................   Passed    0.17 sec
[0.721s] test 3
[0.721s]     Start 3: cpplint
[0.721s] 
[0.721s] 3: Test command: /usr/bin/python3 "-u" "/opt/ros/humble/share/ament_cmake_test/cmake/run_test.py" "/home/wade/ros2_ws/build/examples_rclcpp_minimal_publisher/test_results/examples_rclcpp_minimal_publisher/cpplint.xunit.xml" "--package-name" "examples_rclcpp_minimal_publisher" "--output-file" "/home/wade/ros2_ws/build/examples_rclcpp_minimal_publisher/ament_cpplint/cpplint.txt" "--command" "/opt/ros/humble/bin/ament_cpplint" "--xunit-file" "/home/wade/ros2_ws/build/examples_rclcpp_minimal_publisher/test_results/examples_rclcpp_minimal_publisher/cpplint.xunit.xml"
[0.722s] 3: Test timeout computed to be: 120
[0.780s] 3: -- run_test.py: invoking following command in '/home/wade/ros2_ws/src/examples/rclcpp/topics/minimal_publisher':
[0.780s] 3:  - /opt/ros/humble/bin/ament_cpplint --xunit-file /home/wade/ros2_ws/build/examples_rclcpp_minimal_publisher/test_results/examples_rclcpp_minimal_publisher/cpplint.xunit.xml
[0.938s] 3: Using '--root=..' argument
[0.938s] 3: 
[0.938s] 3: Done processing /home/wade/ros2_ws/src/examples/rclcpp/topics/minimal_publisher/lambda.cpp
[0.938s] 3: 
[0.938s] 3: Done processing /home/wade/ros2_ws/src/examples/rclcpp/topics/minimal_publisher/member_function.cpp
[0.938s] 3: 
[0.939s] 3: Done processing /home/wade/ros2_ws/src/examples/rclcpp/topics/minimal_publisher/member_function_with_type_adapter.cpp
[0.939s] 3: 
[0.939s] 3: Done processing /home/wade/ros2_ws/src/examples/rclcpp/topics/minimal_publisher/member_function_with_unique_network_flow_endpoints.cpp
[0.939s] 3: 
[0.939s] 3: Done processing /home/wade/ros2_ws/src/examples/rclcpp/topics/minimal_publisher/member_function_with_wait_for_all_acked.cpp
[0.939s] 3: 
[0.939s] 3: Done processing /home/wade/ros2_ws/src/examples/rclcpp/topics/minimal_publisher/not_composable.cpp
[0.939s] 3: 
[0.939s] 3: No problems found
[0.954s] 3: -- run_test.py: return code 0
[0.955s] 3: -- run_test.py: verify result file '/home/wade/ros2_ws/build/examples_rclcpp_minimal_publisher/test_results/examples_rclcpp_minimal_publisher/cpplint.xunit.xml'
[0.969s] 3/6 Test #3: cpplint ..........................   Passed    0.25 sec
[0.969s] test 4
[0.969s]     Start 4: lint_cmake
[0.969s] 
[0.970s] 4: Test command: /usr/bin/python3 "-u" "/opt/ros/humble/share/ament_cmake_test/cmake/run_test.py" "/home/wade/ros2_ws/build/examples_rclcpp_minimal_publisher/test_results/examples_rclcpp_minimal_publisher/lint_cmake.xunit.xml" "--package-name" "examples_rclcpp_minimal_publisher" "--output-file" "/home/wade/ros2_ws/build/examples_rclcpp_minimal_publisher/ament_lint_cmake/lint_cmake.txt" "--command" "/opt/ros/humble/bin/ament_lint_cmake" "--xunit-file" "/home/wade/ros2_ws/build/examples_rclcpp_minimal_publisher/test_results/examples_rclcpp_minimal_publisher/lint_cmake.xunit.xml"
[0.970s] 4: Test timeout computed to be: 60
[1.023s] 4: -- run_test.py: invoking following command in '/home/wade/ros2_ws/src/examples/rclcpp/topics/minimal_publisher':
[1.024s] 4:  - /opt/ros/humble/bin/ament_lint_cmake --xunit-file /home/wade/ros2_ws/build/examples_rclcpp_minimal_publisher/test_results/examples_rclcpp_minimal_publisher/lint_cmake.xunit.xml
[1.080s] 4: 
[1.081s] 4: No problems found
[1.092s] 4: -- run_test.py: return code 0
[1.093s] 4: -- run_test.py: verify result file '/home/wade/ros2_ws/build/examples_rclcpp_minimal_publisher/test_results/examples_rclcpp_minimal_publisher/lint_cmake.xunit.xml'
[1.105s] 4/6 Test #4: lint_cmake .......................   Passed    0.14 sec
[1.105s] test 5
[1.105s]     Start 5: uncrustify
[1.105s] 
[1.105s] 5: Test command: /usr/bin/python3 "-u" "/opt/ros/humble/share/ament_cmake_test/cmake/run_test.py" "/home/wade/ros2_ws/build/examples_rclcpp_minimal_publisher/test_results/examples_rclcpp_minimal_publisher/uncrustify.xunit.xml" "--package-name" "examples_rclcpp_minimal_publisher" "--output-file" "/home/wade/ros2_ws/build/examples_rclcpp_minimal_publisher/ament_uncrustify/uncrustify.txt" "--command" "/opt/ros/humble/bin/ament_uncrustify" "--xunit-file" "/home/wade/ros2_ws/build/examples_rclcpp_minimal_publisher/test_results/examples_rclcpp_minimal_publisher/uncrustify.xunit.xml"
[1.105s] 5: Test timeout computed to be: 60
[1.159s] 5: -- run_test.py: invoking following command in '/home/wade/ros2_ws/src/examples/rclcpp/topics/minimal_publisher':
[1.159s] 5:  - /opt/ros/humble/bin/ament_uncrustify --xunit-file /home/wade/ros2_ws/build/examples_rclcpp_minimal_publisher/test_results/examples_rclcpp_minimal_publisher/uncrustify.xunit.xml
[1.232s] 5: No code style divergence in file 'lambda.cpp'
[1.232s] 5: 
[1.232s] 5: No code style divergence in file 'member_function.cpp'
[1.232s] 5: 
[1.232s] 5: No code style divergence in file 'member_function_with_type_adapter.cpp'
[1.232s] 5: 
[1.232s] 5: No code style divergence in file 'member_function_with_unique_network_flow_endpoints.cpp'
[1.232s] 5: 
[1.232s] 5: No code style divergence in file 'member_function_with_wait_for_all_acked.cpp'
[1.232s] 5: 
[1.232s] 5: No code style divergence in file 'not_composable.cpp'
[1.232s] 5: 
[1.233s] 5: No problems found
[1.247s] 5: -- run_test.py: return code 0
[1.247s] 5: -- run_test.py: verify result file '/home/wade/ros2_ws/build/examples_rclcpp_minimal_publisher/test_results/examples_rclcpp_minimal_publisher/uncrustify.xunit.xml'
[1.258s] 5/6 Test #5: uncrustify .......................   Passed    0.15 sec
[1.258s] test 6
[1.259s]     Start 6: xmllint
[1.259s] 
[1.259s] 6: Test command: /usr/bin/python3 "-u" "/opt/ros/humble/share/ament_cmake_test/cmake/run_test.py" "/home/wade/ros2_ws/build/examples_rclcpp_minimal_publisher/test_results/examples_rclcpp_minimal_publisher/xmllint.xunit.xml" "--package-name" "examples_rclcpp_minimal_publisher" "--output-file" "/home/wade/ros2_ws/build/examples_rclcpp_minimal_publisher/ament_xmllint/xmllint.txt" "--command" "/opt/ros/humble/bin/ament_xmllint" "--xunit-file" "/home/wade/ros2_ws/build/examples_rclcpp_minimal_publisher/test_results/examples_rclcpp_minimal_publisher/xmllint.xunit.xml"
[1.259s] 6: Test timeout computed to be: 60
[1.303s] 6: -- run_test.py: invoking following command in '/home/wade/ros2_ws/src/examples/rclcpp/topics/minimal_publisher':
[1.303s] 6:  - /opt/ros/humble/bin/ament_xmllint --xunit-file /home/wade/ros2_ws/build/examples_rclcpp_minimal_publisher/test_results/examples_rclcpp_minimal_publisher/xmllint.xunit.xml
[1.348s] 6: File 'package.xml' is invalid:
[1.348s] 6: error : Resource temporarily unavailable
[1.349s] 6: warning: failed to load external entity "http://download.ros.org/schema/package_format2.xsd"
[1.349s] 6: Schemas parser error : Failed to locate the main schema resource at 'http://download.ros.org/schema/package_format2.xsd'.
[1.349s] 6: WXS schema http://download.ros.org/schema/package_format2.xsd failed to compile
[1.349s] 6: 
[1.349s] 6: 1 files are invalid
[1.356s] 6: -- run_test.py: return code 1
[1.356s] 6: -- run_test.py: verify result file '/home/wade/ros2_ws/build/examples_rclcpp_minimal_publisher/test_results/examples_rclcpp_minimal_publisher/xmllint.xunit.xml'
[1.362s] 6/6 Test #6: xmllint ..........................***Failed    0.10 sec
[1.363s] 
[1.363s] 83% tests passed[0;0m, [0;31m1 tests failed[0;0m out of 6
[1.363s] 
[1.363s] Label Time Summary:
[1.363s] copyright     =   0.48 sec*proc (1 test)
[1.363s] cppcheck      =   0.17 sec*proc (1 test)
[1.363s] cpplint       =   0.25 sec*proc (1 test)
[1.363s] lint_cmake    =   0.14 sec*proc (1 test)
[1.363s] linter        =   1.29 sec*proc (6 tests)
[1.363s] uncrustify    =   0.15 sec*proc (1 test)
[1.363s] xmllint       =   0.10 sec*proc (1 test)
[1.363s] 
[1.363s] Total Test time (real) =   1.29 sec
[1.363s] 
[1.363s] The following tests FAILED:
[1.363s] 	[0;31m  6 - xmllint (Failed)[0;0m
[1.364s] Errors while running CTest
[1.365s] Output from these tests are in: /home/wade/ros2_ws/build/examples_rclcpp_minimal_publisher/Testing/Temporary/LastTest.log
[1.365s] Use "--rerun-failed --output-on-failure" to re-run the failed cases verbosely.
[1.424s] Invoked command in '/home/wade/ros2_ws/build/examples_rclcpp_minimal_publisher' returned '8': AMENT_PREFIX_PATH=/home/wade/ros2_ws/install/examples_rclcpp_minimal_publisher:${AMENT_PREFIX_PATH} CMAKE_PREFIX_PATH=/home/wade/ros2_ws/install/examples_rclcpp_minimal_publisher /usr/bin/ctest -C Release -D ExperimentalTest --no-compress-output -V --force-new-ctest-process
