[0.588s] Invoking command in '/home/wade/ros2_ws/build/more_interfaces': CMAKE_PREFIX_PATH=/opt/ros/humble /usr/bin/cmake /home/wade/ros2_ws/more_interfaces -DCMAKE_INSTALL_PREFIX=/home/wade/ros2_ws/install/more_interfaces
[0.599s] -- Found ament_cmake: 1.3.11 (/opt/ros/humble/share/ament_cmake/cmake)
[0.690s] -- Override CMake install command with custom implementation using symlinks instead of copying resources
[0.695s] -- Found rosidl_default_generators: 1.2.0 (/opt/ros/humble/share/rosidl_default_generators/cmake)
[0.696s] -- Using all available rosidl_typesupport_c: rosidl_typesupport_fastrtps_c;rosidl_typesupport_introspection_c
[0.697s] -- Found rosidl_adapter: 3.1.6 (/opt/ros/humble/share/rosidl_adapter/cmake)
[0.716s] -- Using all available rosidl_typesupport_cpp: rosidl_typesupport_fastrtps_cpp;rosidl_typesupport_introspection_cpp
[0.730s] -- Found rclcpp: 16.0.11 (/opt/ros/humble/share/rclcpp/cmake)
[0.753s] -- Found rmw_implementation_cmake: 6.1.2 (/opt/ros/humble/share/rmw_implementation_cmake/cmake)
[0.753s] -- Found rmw_fastrtps_cpp: 6.2.7 (/opt/ros/humble/share/rmw_fastrtps_cpp/cmake)
[0.862s] -- Using RMW implementation 'rmw_fastrtps_cpp' as default
[1.161s] -- Found ament_cmake_ros: 0.10.0 (/opt/ros/humble/share/ament_cmake_ros/cmake)
[1.342s] -- Using all available rosidl_typesupport_c: rosidl_typesupport_fastrtps_c;rosidl_typesupport_introspection_c
[1.548s] -- Using all available rosidl_typesupport_cpp: rosidl_typesupport_fastrtps_cpp;rosidl_typesupport_introspection_cpp
[1.567s] -- Found python_cmake_module: 0.10.0 (/opt/ros/humble/share/python_cmake_module/cmake)
[1.583s] -- Using PYTHON_EXECUTABLE: /usr/bin/python3
[1.583s] -- Using PYTHON_INCLUDE_DIRS: /usr/include/python3.10
[1.583s] -- Using PYTHON_LIBRARIES: /usr/lib/x86_64-linux-gnu/libpython3.10.so
[1.592s] -- Found ament_lint_auto: 0.12.11 (/opt/ros/humble/share/ament_lint_auto/cmake)
[1.600s] -- Added test 'cppcheck' to perform static code analysis on C / C++ code
[1.600s] -- Configured cppcheck include dirs: 
[1.600s] -- Configured cppcheck exclude dirs and/or files: 
[1.601s] -- Added test 'lint_cmake' to check CMake code style
[1.601s] -- Added test 'uncrustify' to check C / C++ code style
[1.602s] -- Configured uncrustify additional arguments: 
[1.602s] -- Added test 'xmllint' to check XML markup files
[1.606s] -- Configuring done
[1.649s] -- Generating done
[1.657s] -- Build files have been written to: /home/wade/ros2_ws/build/more_interfaces
[1.699s] Invoked command in '/home/wade/ros2_ws/build/more_interfaces' returned '0': CMAKE_PREFIX_PATH=/opt/ros/humble /usr/bin/cmake /home/wade/ros2_ws/more_interfaces -DCMAKE_INSTALL_PREFIX=/home/wade/ros2_ws/install/more_interfaces
[1.700s] Invoking command in '/home/wade/ros2_ws/build/more_interfaces': CMAKE_PREFIX_PATH=/opt/ros/humble /usr/bin/cmake --build /home/wade/ros2_ws/build/more_interfaces -- -j12 -l12
[1.734s] [35m[1mConsolidate compiler generated dependencies of target more_interfaces__rosidl_generator_c[0m
[1.743s] failed to create symbolic link '/home/wade/ros2_ws/build/more_interfaces/ament_cmake_python/more_interfaces/more_interfaces' because existing path cannot be removed: Is a directory
[1.743s] [ 12%] Built target more_interfaces__cpp
[1.743s] [ 12%] Built target more_interfaces__rosidl_generator_c
[1.744s] gmake[2]: *** [CMakeFiles/ament_cmake_python_symlink_more_interfaces.dir/build.make:70: CMakeFiles/ament_cmake_python_symlink_more_interfaces] Error 1
[1.745s] gmake[1]: *** [CMakeFiles/Makefile2:450: CMakeFiles/ament_cmake_python_symlink_more_interfaces.dir/all] Error 2
[1.745s] gmake[1]: *** Waiting for unfinished jobs....
[1.755s] [35m[1mConsolidate compiler generated dependencies of target more_interfaces__rosidl_typesupport_fastrtps_c[0m
[1.767s] [ 21%] Built target more_interfaces__rosidl_typesupport_fastrtps_c
[1.768s] gmake: *** [Makefile:146: all] Error 2
[2.036s] Invoked command in '/home/wade/ros2_ws/build/more_interfaces' returned '2': CMAKE_PREFIX_PATH=/opt/ros/humble /usr/bin/cmake --build /home/wade/ros2_ws/build/more_interfaces -- -j12 -l12
