[0.080s] Invoking command in '/home/wade/ros2_ws/build/examples_rclcpp_cbg_executor': AMENT_PREFIX_PATH=/home/wade/ros2_ws/install/examples_rclcpp_cbg_executor:${AMENT_PREFIX_PATH} CMAKE_PREFIX_PATH=/home/wade/ros2_ws/install/examples_rclcpp_cbg_executor /usr/bin/ctest -C Release -D ExperimentalTest --no-compress-output -V --force-new-ctest-process
[0.111s] UpdateCTestConfiguration  from :/home/wade/ros2_ws/build/examples_rclcpp_cbg_executor/CTestConfiguration.ini
[0.111s] Parse Config file:/home/wade/ros2_ws/build/examples_rclcpp_cbg_executor/CTestConfiguration.ini
[0.111s]    Site: wade-LOQ-15APH8
[0.112s]    Build name: (empty)
[0.112s]  Add coverage exclude regular expressions.
[0.112s] Create new tag: 20241225-0221 - Experimental
[0.112s] UpdateCTestConfiguration  from :/home/wade/ros2_ws/build/examples_rclcpp_cbg_executor/CTestConfiguration.ini
[0.112s] Parse Config file:/home/wade/ros2_ws/build/examples_rclcpp_cbg_executor/CTestConfiguration.ini
[0.112s] Test project /home/wade/ros2_ws/build/examples_rclcpp_cbg_executor
[0.113s] Constructing a list of tests
[0.113s] Done constructing a list of tests
[0.113s] Updating test list for fixtures
[0.113s] Added 0 tests to meet fixture requirements
[0.113s] Checking test dependency graph...
[0.113s] Checking test dependency graph end
[0.114s] test 1
[0.114s]     Start 1: copyright
[0.114s] 
[0.114s] 1: Test command: /usr/bin/python3 "-u" "/opt/ros/humble/share/ament_cmake_test/cmake/run_test.py" "/home/wade/ros2_ws/build/examples_rclcpp_cbg_executor/test_results/examples_rclcpp_cbg_executor/copyright.xunit.xml" "--package-name" "examples_rclcpp_cbg_executor" "--output-file" "/home/wade/ros2_ws/build/examples_rclcpp_cbg_executor/ament_copyright/copyright.txt" "--command" "/opt/ros/humble/bin/ament_copyright" "--xunit-file" "/home/wade/ros2_ws/build/examples_rclcpp_cbg_executor/test_results/examples_rclcpp_cbg_executor/copyright.xunit.xml"
[0.114s] 1: Test timeout computed to be: 200
[0.193s] 1: -- run_test.py: invoking following command in '/home/wade/ros2_ws/src/examples/rclcpp/executors/cbg_executor':
[0.193s] 1:  - /opt/ros/humble/bin/ament_copyright --xunit-file /home/wade/ros2_ws/build/examples_rclcpp_cbg_executor/test_results/examples_rclcpp_cbg_executor/copyright.xunit.xml
[0.627s] 1: No problems found, checked 8 files
[0.641s] 1: -- run_test.py: return code 0
[0.641s] 1: -- run_test.py: verify result file '/home/wade/ros2_ws/build/examples_rclcpp_cbg_executor/test_results/examples_rclcpp_cbg_executor/copyright.xunit.xml'
[0.653s] 1/6 Test #1: copyright ........................   Passed    0.57 sec
[0.653s] test 2
[0.653s]     Start 2: cppcheck
[0.653s] 
[0.654s] 2: Test command: /usr/bin/python3 "-u" "/opt/ros/humble/share/ament_cmake_test/cmake/run_test.py" "/home/wade/ros2_ws/build/examples_rclcpp_cbg_executor/test_results/examples_rclcpp_cbg_executor/cppcheck.xunit.xml" "--package-name" "examples_rclcpp_cbg_executor" "--output-file" "/home/wade/ros2_ws/build/examples_rclcpp_cbg_executor/ament_cppcheck/cppcheck.txt" "--command" "/opt/ros/humble/bin/ament_cppcheck" "--xunit-file" "/home/wade/ros2_ws/build/examples_rclcpp_cbg_executor/test_results/examples_rclcpp_cbg_executor/cppcheck.xunit.xml" "--include_dirs" "/home/wade/ros2_ws/src/examples/rclcpp/executors/cbg_executor/include"
[0.654s] 2: Test timeout computed to be: 300
[0.723s] 2: -- run_test.py: invoking following command in '/home/wade/ros2_ws/src/examples/rclcpp/executors/cbg_executor':
[0.723s] 2:  - /opt/ros/humble/bin/ament_cppcheck --xunit-file /home/wade/ros2_ws/build/examples_rclcpp_cbg_executor/test_results/examples_rclcpp_cbg_executor/cppcheck.xunit.xml --include_dirs /home/wade/ros2_ws/src/examples/rclcpp/executors/cbg_executor/include
[0.793s] 2: cppcheck 2.7 has known performance issues and therefore will not be used, set the AMENT_CPPCHECK_ALLOW_SLOW_VERSIONS environment variable to override this.
[0.808s] 2: -- run_test.py: return code 0
[0.809s] 2: -- run_test.py: verify result file '/home/wade/ros2_ws/build/examples_rclcpp_cbg_executor/test_results/examples_rclcpp_cbg_executor/cppcheck.xunit.xml'
[0.823s] 2/6 Test #2: cppcheck .........................   Passed    0.17 sec
[0.823s] test 3
[0.823s]     Start 3: cpplint
[0.823s] 
[0.823s] 3: Test command: /usr/bin/python3 "-u" "/opt/ros/humble/share/ament_cmake_test/cmake/run_test.py" "/home/wade/ros2_ws/build/examples_rclcpp_cbg_executor/test_results/examples_rclcpp_cbg_executor/cpplint.xunit.xml" "--package-name" "examples_rclcpp_cbg_executor" "--output-file" "/home/wade/ros2_ws/build/examples_rclcpp_cbg_executor/ament_cpplint/cpplint.txt" "--command" "/opt/ros/humble/bin/ament_cpplint" "--xunit-file" "/home/wade/ros2_ws/build/examples_rclcpp_cbg_executor/test_results/examples_rclcpp_cbg_executor/cpplint.xunit.xml"
[0.823s] 3: Test timeout computed to be: 120
[0.880s] 3: -- run_test.py: invoking following command in '/home/wade/ros2_ws/src/examples/rclcpp/executors/cbg_executor':
[0.881s] 3:  - /opt/ros/humble/bin/ament_cpplint --xunit-file /home/wade/ros2_ws/build/examples_rclcpp_cbg_executor/test_results/examples_rclcpp_cbg_executor/cpplint.xunit.xml
[1.175s] 3: Using '--root=/home/wade/ros2_ws/src/examples/rclcpp/executors/cbg_executor/include' argument
[1.175s] 3: 
[1.175s] 3: Done processing /home/wade/ros2_ws/src/examples/rclcpp/executors/cbg_executor/include/examples_rclcpp_cbg_executor/ping_node.hpp
[1.175s] 3: 
[1.175s] 3: Done processing /home/wade/ros2_ws/src/examples/rclcpp/executors/cbg_executor/include/examples_rclcpp_cbg_executor/pong_node.hpp
[1.175s] 3: 
[1.175s] 3: Using '--root=/home/wade/ros2_ws/src/examples/rclcpp/executors/cbg_executor/src' argument
[1.175s] 3: 
[1.175s] 3: Done processing /home/wade/ros2_ws/src/examples/rclcpp/executors/cbg_executor/src/examples_rclcpp_cbg_executor/ping_node.cpp
[1.175s] 3: 
[1.175s] 3: Done processing /home/wade/ros2_ws/src/examples/rclcpp/executors/cbg_executor/src/examples_rclcpp_cbg_executor/pong_node.cpp
[1.175s] 3: 
[1.175s] 3: Done processing /home/wade/ros2_ws/src/examples/rclcpp/executors/cbg_executor/src/examples_rclcpp_cbg_executor/utilities.hpp
[1.175s] 3: 
[1.175s] 3: Done processing /home/wade/ros2_ws/src/examples/rclcpp/executors/cbg_executor/src/ping.cpp
[1.175s] 3: 
[1.175s] 3: Done processing /home/wade/ros2_ws/src/examples/rclcpp/executors/cbg_executor/src/ping_pong.cpp
[1.175s] 3: 
[1.175s] 3: Done processing /home/wade/ros2_ws/src/examples/rclcpp/executors/cbg_executor/src/pong.cpp
[1.175s] 3: 
[1.175s] 3: No problems found
[1.192s] 3: -- run_test.py: return code 0
[1.192s] 3: -- run_test.py: verify result file '/home/wade/ros2_ws/build/examples_rclcpp_cbg_executor/test_results/examples_rclcpp_cbg_executor/cpplint.xunit.xml'
[1.201s] 3/6 Test #3: cpplint ..........................   Passed    0.38 sec
[1.202s] test 4
[1.202s]     Start 4: lint_cmake
[1.202s] 
[1.202s] 4: Test command: /usr/bin/python3 "-u" "/opt/ros/humble/share/ament_cmake_test/cmake/run_test.py" "/home/wade/ros2_ws/build/examples_rclcpp_cbg_executor/test_results/examples_rclcpp_cbg_executor/lint_cmake.xunit.xml" "--package-name" "examples_rclcpp_cbg_executor" "--output-file" "/home/wade/ros2_ws/build/examples_rclcpp_cbg_executor/ament_lint_cmake/lint_cmake.txt" "--command" "/opt/ros/humble/bin/ament_lint_cmake" "--xunit-file" "/home/wade/ros2_ws/build/examples_rclcpp_cbg_executor/test_results/examples_rclcpp_cbg_executor/lint_cmake.xunit.xml"
[1.202s] 4: Test timeout computed to be: 60
[1.255s] 4: -- run_test.py: invoking following command in '/home/wade/ros2_ws/src/examples/rclcpp/executors/cbg_executor':
[1.256s] 4:  - /opt/ros/humble/bin/ament_lint_cmake --xunit-file /home/wade/ros2_ws/build/examples_rclcpp_cbg_executor/test_results/examples_rclcpp_cbg_executor/lint_cmake.xunit.xml
[1.316s] 4: 
[1.316s] 4: No problems found
[1.326s] 4: -- run_test.py: return code 0
[1.326s] 4: -- run_test.py: verify result file '/home/wade/ros2_ws/build/examples_rclcpp_cbg_executor/test_results/examples_rclcpp_cbg_executor/lint_cmake.xunit.xml'
[1.334s] 4/6 Test #4: lint_cmake .......................   Passed    0.13 sec
[1.334s] test 5
[1.335s]     Start 5: uncrustify
[1.335s] 
[1.335s] 5: Test command: /usr/bin/python3 "-u" "/opt/ros/humble/share/ament_cmake_test/cmake/run_test.py" "/home/wade/ros2_ws/build/examples_rclcpp_cbg_executor/test_results/examples_rclcpp_cbg_executor/uncrustify.xunit.xml" "--package-name" "examples_rclcpp_cbg_executor" "--output-file" "/home/wade/ros2_ws/build/examples_rclcpp_cbg_executor/ament_uncrustify/uncrustify.txt" "--command" "/opt/ros/humble/bin/ament_uncrustify" "--xunit-file" "/home/wade/ros2_ws/build/examples_rclcpp_cbg_executor/test_results/examples_rclcpp_cbg_executor/uncrustify.xunit.xml"
[1.335s] 5: Test timeout computed to be: 60
[1.372s] 5: -- run_test.py: invoking following command in '/home/wade/ros2_ws/src/examples/rclcpp/executors/cbg_executor':
[1.372s] 5:  - /opt/ros/humble/bin/ament_uncrustify --xunit-file /home/wade/ros2_ws/build/examples_rclcpp_cbg_executor/test_results/examples_rclcpp_cbg_executor/uncrustify.xunit.xml
[1.427s] 5: No code style divergence in file 'include/examples_rclcpp_cbg_executor/ping_node.hpp'
[1.427s] 5: 
[1.427s] 5: No code style divergence in file 'include/examples_rclcpp_cbg_executor/pong_node.hpp'
[1.427s] 5: 
[1.428s] 5: No code style divergence in file 'src/examples_rclcpp_cbg_executor/ping_node.cpp'
[1.428s] 5: 
[1.428s] 5: No code style divergence in file 'src/examples_rclcpp_cbg_executor/pong_node.cpp'
[1.428s] 5: 
[1.428s] 5: No code style divergence in file 'src/examples_rclcpp_cbg_executor/utilities.hpp'
[1.428s] 5: 
[1.428s] 5: No code style divergence in file 'src/ping.cpp'
[1.428s] 5: 
[1.429s] 5: No code style divergence in file 'src/ping_pong.cpp'
[1.429s] 5: 
[1.429s] 5: No code style divergence in file 'src/pong.cpp'
[1.429s] 5: 
[1.429s] 5: No problems found
[1.447s] 5: -- run_test.py: return code 0
[1.447s] 5: -- run_test.py: verify result file '/home/wade/ros2_ws/build/examples_rclcpp_cbg_executor/test_results/examples_rclcpp_cbg_executor/uncrustify.xunit.xml'
[1.448s] 5/6 Test #5: uncrustify .......................   Passed    0.11 sec
[1.448s] test 6
[1.448s]     Start 6: xmllint
[1.448s] 
[1.448s] 6: Test command: /usr/bin/python3 "-u" "/opt/ros/humble/share/ament_cmake_test/cmake/run_test.py" "/home/wade/ros2_ws/build/examples_rclcpp_cbg_executor/test_results/examples_rclcpp_cbg_executor/xmllint.xunit.xml" "--package-name" "examples_rclcpp_cbg_executor" "--output-file" "/home/wade/ros2_ws/build/examples_rclcpp_cbg_executor/ament_xmllint/xmllint.txt" "--command" "/opt/ros/humble/bin/ament_xmllint" "--xunit-file" "/home/wade/ros2_ws/build/examples_rclcpp_cbg_executor/test_results/examples_rclcpp_cbg_executor/xmllint.xunit.xml"
[1.448s] 6: Test timeout computed to be: 60
[1.478s] 6: -- run_test.py: invoking following command in '/home/wade/ros2_ws/src/examples/rclcpp/executors/cbg_executor':
[1.478s] 6:  - /opt/ros/humble/bin/ament_xmllint --xunit-file /home/wade/ros2_ws/build/examples_rclcpp_cbg_executor/test_results/examples_rclcpp_cbg_executor/xmllint.xunit.xml
[1.522s] 6: File 'package.xml' is invalid:
[1.522s] 6: error : Resource temporarily unavailable
[1.522s] 6: warning: failed to load external entity "http://download.ros.org/schema/package_format2.xsd"
[1.522s] 6: Schemas parser error : Failed to locate the main schema resource at 'http://download.ros.org/schema/package_format2.xsd'.
[1.522s] 6: WXS schema http://download.ros.org/schema/package_format2.xsd failed to compile
[1.522s] 6: 
[1.522s] 6: 1 files are invalid
[1.528s] 6: -- run_test.py: return code 1
[1.528s] 6: -- run_test.py: verify result file '/home/wade/ros2_ws/build/examples_rclcpp_cbg_executor/test_results/examples_rclcpp_cbg_executor/xmllint.xunit.xml'
[1.535s] 6/6 Test #6: xmllint ..........................***Failed    0.09 sec
[1.536s] 
[1.536s] 83% tests passed[0;0m, [0;31m1 tests failed[0;0m out of 6
[1.536s] 
[1.536s] Label Time Summary:
[1.536s] copyright     =   0.57 sec*proc (1 test)
[1.536s] cppcheck      =   0.17 sec*proc (1 test)
[1.536s] cpplint       =   0.38 sec*proc (1 test)
[1.536s] lint_cmake    =   0.13 sec*proc (1 test)
[1.536s] linter        =   1.45 sec*proc (6 tests)
[1.536s] uncrustify    =   0.11 sec*proc (1 test)
[1.536s] xmllint       =   0.09 sec*proc (1 test)
[1.536s] 
[1.536s] Total Test time (real) =   1.45 sec
[1.536s] 
[1.536s] The following tests FAILED:
[1.536s] 	[0;31m  6 - xmllint (Failed)[0;0m
[1.538s] Errors while running CTest
[1.538s] Output from these tests are in: /home/wade/ros2_ws/build/examples_rclcpp_cbg_executor/Testing/Temporary/LastTest.log
[1.538s] Use "--rerun-failed --output-on-failure" to re-run the failed cases verbosely.
[2.483s] Invoked command in '/home/wade/ros2_ws/build/examples_rclcpp_cbg_executor' returned '8': AMENT_PREFIX_PATH=/home/wade/ros2_ws/install/examples_rclcpp_cbg_executor:${AMENT_PREFIX_PATH} CMAKE_PREFIX_PATH=/home/wade/ros2_ws/install/examples_rclcpp_cbg_executor /usr/bin/ctest -C Release -D ExperimentalTest --no-compress-output -V --force-new-ctest-process
