[0.071s] Invoking command in '/home/wade/ros2_ws/build/examples_rclcpp_minimal_service': AMENT_PREFIX_PATH=/home/wade/ros2_ws/install/examples_rclcpp_minimal_service:${AMENT_PREFIX_PATH} CMAKE_PREFIX_PATH=/home/wade/ros2_ws/install/examples_rclcpp_minimal_service /usr/bin/ctest -C Release -D ExperimentalTest --no-compress-output -V --force-new-ctest-process
[0.099s] UpdateCTestConfiguration  from :/home/wade/ros2_ws/build/examples_rclcpp_minimal_service/CTestConfiguration.ini
[0.099s] Parse Config file:/home/wade/ros2_ws/build/examples_rclcpp_minimal_service/CTestConfiguration.ini
[0.099s]    Site: wade-LOQ-15APH8
[0.099s]    Build name: (empty)
[0.099s]  Add coverage exclude regular expressions.
[0.099s] Create new tag: 20241225-0221 - Experimental
[0.100s] UpdateCTestConfiguration  from :/home/wade/ros2_ws/build/examples_rclcpp_minimal_service/CTestConfiguration.ini
[0.100s] Parse Config file:/home/wade/ros2_ws/build/examples_rclcpp_minimal_service/CTestConfiguration.ini
[0.100s] Test project /home/wade/ros2_ws/build/examples_rclcpp_minimal_service
[0.100s] Constructing a list of tests
[0.100s] Done constructing a list of tests
[0.100s] Updating test list for fixtures
[0.100s] Added 0 tests to meet fixture requirements
[0.100s] Checking test dependency graph...
[0.100s] Checking test dependency graph end
[0.100s] test 1
[0.100s]     Start 1: copyright
[0.100s] 
[0.100s] 1: Test command: /usr/bin/python3 "-u" "/opt/ros/humble/share/ament_cmake_test/cmake/run_test.py" "/home/wade/ros2_ws/build/examples_rclcpp_minimal_service/test_results/examples_rclcpp_minimal_service/copyright.xunit.xml" "--package-name" "examples_rclcpp_minimal_service" "--output-file" "/home/wade/ros2_ws/build/examples_rclcpp_minimal_service/ament_copyright/copyright.txt" "--command" "/opt/ros/humble/bin/ament_copyright" "--xunit-file" "/home/wade/ros2_ws/build/examples_rclcpp_minimal_service/test_results/examples_rclcpp_minimal_service/copyright.xunit.xml"
[0.101s] 1: Test timeout computed to be: 200
[0.175s] 1: -- run_test.py: invoking following command in '/home/wade/ros2_ws/src/examples/rclcpp/services/minimal_service':
[0.176s] 1:  - /opt/ros/humble/bin/ament_copyright --xunit-file /home/wade/ros2_ws/build/examples_rclcpp_minimal_service/test_results/examples_rclcpp_minimal_service/copyright.xunit.xml
[0.364s] 1: No problems found, checked 1 files
[0.374s] 1: -- run_test.py: return code 0
[0.374s] 1: -- run_test.py: verify result file '/home/wade/ros2_ws/build/examples_rclcpp_minimal_service/test_results/examples_rclcpp_minimal_service/copyright.xunit.xml'
[0.387s] 1/6 Test #1: copyright ........................   Passed    0.31 sec
[0.387s] test 2
[0.387s]     Start 2: cppcheck
[0.387s] 
[0.388s] 2: Test command: /usr/bin/python3 "-u" "/opt/ros/humble/share/ament_cmake_test/cmake/run_test.py" "/home/wade/ros2_ws/build/examples_rclcpp_minimal_service/test_results/examples_rclcpp_minimal_service/cppcheck.xunit.xml" "--package-name" "examples_rclcpp_minimal_service" "--output-file" "/home/wade/ros2_ws/build/examples_rclcpp_minimal_service/ament_cppcheck/cppcheck.txt" "--command" "/opt/ros/humble/bin/ament_cppcheck" "--xunit-file" "/home/wade/ros2_ws/build/examples_rclcpp_minimal_service/test_results/examples_rclcpp_minimal_service/cppcheck.xunit.xml"
[0.388s] 2: Test timeout computed to be: 300
[0.464s] 2: -- run_test.py: invoking following command in '/home/wade/ros2_ws/src/examples/rclcpp/services/minimal_service':
[0.465s] 2:  - /opt/ros/humble/bin/ament_cppcheck --xunit-file /home/wade/ros2_ws/build/examples_rclcpp_minimal_service/test_results/examples_rclcpp_minimal_service/cppcheck.xunit.xml
[0.564s] 2: cppcheck 2.7 has known performance issues and therefore will not be used, set the AMENT_CPPCHECK_ALLOW_SLOW_VERSIONS environment variable to override this.
[0.582s] 2: -- run_test.py: return code 0
[0.582s] 2: -- run_test.py: verify result file '/home/wade/ros2_ws/build/examples_rclcpp_minimal_service/test_results/examples_rclcpp_minimal_service/cppcheck.xunit.xml'
[0.598s] 2/6 Test #2: cppcheck .........................   Passed    0.21 sec
[0.598s] test 3
[0.598s]     Start 3: cpplint
[0.599s] 
[0.599s] 3: Test command: /usr/bin/python3 "-u" "/opt/ros/humble/share/ament_cmake_test/cmake/run_test.py" "/home/wade/ros2_ws/build/examples_rclcpp_minimal_service/test_results/examples_rclcpp_minimal_service/cpplint.xunit.xml" "--package-name" "examples_rclcpp_minimal_service" "--output-file" "/home/wade/ros2_ws/build/examples_rclcpp_minimal_service/ament_cpplint/cpplint.txt" "--command" "/opt/ros/humble/bin/ament_cpplint" "--xunit-file" "/home/wade/ros2_ws/build/examples_rclcpp_minimal_service/test_results/examples_rclcpp_minimal_service/cpplint.xunit.xml"
[0.599s] 3: Test timeout computed to be: 120
[0.661s] 3: -- run_test.py: invoking following command in '/home/wade/ros2_ws/src/examples/rclcpp/services/minimal_service':
[0.661s] 3:  - /opt/ros/humble/bin/ament_cpplint --xunit-file /home/wade/ros2_ws/build/examples_rclcpp_minimal_service/test_results/examples_rclcpp_minimal_service/cpplint.xunit.xml
[0.757s] 3: Using '--root=..' argument
[0.758s] 3: 
[0.758s] 3: Done processing /home/wade/ros2_ws/src/examples/rclcpp/services/minimal_service/main.cpp
[0.758s] 3: 
[0.758s] 3: No problems found
[0.770s] 3: -- run_test.py: return code 0
[0.770s] 3: -- run_test.py: verify result file '/home/wade/ros2_ws/build/examples_rclcpp_minimal_service/test_results/examples_rclcpp_minimal_service/cpplint.xunit.xml'
[0.782s] 3/6 Test #3: cpplint ..........................   Passed    0.18 sec
[0.782s] test 4
[0.782s]     Start 4: lint_cmake
[0.782s] 
[0.782s] 4: Test command: /usr/bin/python3 "-u" "/opt/ros/humble/share/ament_cmake_test/cmake/run_test.py" "/home/wade/ros2_ws/build/examples_rclcpp_minimal_service/test_results/examples_rclcpp_minimal_service/lint_cmake.xunit.xml" "--package-name" "examples_rclcpp_minimal_service" "--output-file" "/home/wade/ros2_ws/build/examples_rclcpp_minimal_service/ament_lint_cmake/lint_cmake.txt" "--command" "/opt/ros/humble/bin/ament_lint_cmake" "--xunit-file" "/home/wade/ros2_ws/build/examples_rclcpp_minimal_service/test_results/examples_rclcpp_minimal_service/lint_cmake.xunit.xml"
[0.782s] 4: Test timeout computed to be: 60
[0.840s] 4: -- run_test.py: invoking following command in '/home/wade/ros2_ws/src/examples/rclcpp/services/minimal_service':
[0.840s] 4:  - /opt/ros/humble/bin/ament_lint_cmake --xunit-file /home/wade/ros2_ws/build/examples_rclcpp_minimal_service/test_results/examples_rclcpp_minimal_service/lint_cmake.xunit.xml
[0.900s] 4: 
[0.900s] 4: No problems found
[0.913s] 4: -- run_test.py: return code 0
[0.913s] 4: -- run_test.py: verify result file '/home/wade/ros2_ws/build/examples_rclcpp_minimal_service/test_results/examples_rclcpp_minimal_service/lint_cmake.xunit.xml'
[0.924s] 4/6 Test #4: lint_cmake .......................   Passed    0.14 sec
[0.924s] test 5
[0.924s]     Start 5: uncrustify
[0.924s] 
[0.924s] 5: Test command: /usr/bin/python3 "-u" "/opt/ros/humble/share/ament_cmake_test/cmake/run_test.py" "/home/wade/ros2_ws/build/examples_rclcpp_minimal_service/test_results/examples_rclcpp_minimal_service/uncrustify.xunit.xml" "--package-name" "examples_rclcpp_minimal_service" "--output-file" "/home/wade/ros2_ws/build/examples_rclcpp_minimal_service/ament_uncrustify/uncrustify.txt" "--command" "/opt/ros/humble/bin/ament_uncrustify" "--xunit-file" "/home/wade/ros2_ws/build/examples_rclcpp_minimal_service/test_results/examples_rclcpp_minimal_service/uncrustify.xunit.xml"
[0.924s] 5: Test timeout computed to be: 60
[0.979s] 5: -- run_test.py: invoking following command in '/home/wade/ros2_ws/src/examples/rclcpp/services/minimal_service':
[0.979s] 5:  - /opt/ros/humble/bin/ament_uncrustify --xunit-file /home/wade/ros2_ws/build/examples_rclcpp_minimal_service/test_results/examples_rclcpp_minimal_service/uncrustify.xunit.xml
[1.046s] 5: No code style divergence in file 'main.cpp'
[1.046s] 5: 
[1.046s] 5: No problems found
[1.060s] 5: -- run_test.py: return code 0
[1.060s] 5: -- run_test.py: verify result file '/home/wade/ros2_ws/build/examples_rclcpp_minimal_service/test_results/examples_rclcpp_minimal_service/uncrustify.xunit.xml'
[1.071s] 5/6 Test #5: uncrustify .......................   Passed    0.15 sec
[1.072s] test 6
[1.072s]     Start 6: xmllint
[1.072s] 
[1.072s] 6: Test command: /usr/bin/python3 "-u" "/opt/ros/humble/share/ament_cmake_test/cmake/run_test.py" "/home/wade/ros2_ws/build/examples_rclcpp_minimal_service/test_results/examples_rclcpp_minimal_service/xmllint.xunit.xml" "--package-name" "examples_rclcpp_minimal_service" "--output-file" "/home/wade/ros2_ws/build/examples_rclcpp_minimal_service/ament_xmllint/xmllint.txt" "--command" "/opt/ros/humble/bin/ament_xmllint" "--xunit-file" "/home/wade/ros2_ws/build/examples_rclcpp_minimal_service/test_results/examples_rclcpp_minimal_service/xmllint.xunit.xml"
[1.072s] 6: Test timeout computed to be: 60
[1.128s] 6: -- run_test.py: invoking following command in '/home/wade/ros2_ws/src/examples/rclcpp/services/minimal_service':
[1.128s] 6:  - /opt/ros/humble/bin/ament_xmllint --xunit-file /home/wade/ros2_ws/build/examples_rclcpp_minimal_service/test_results/examples_rclcpp_minimal_service/xmllint.xunit.xml
[1.200s] 6: File 'package.xml' is invalid:
[1.200s] 6: error : Resource temporarily unavailable
[1.200s] 6: warning: failed to load external entity "http://download.ros.org/schema/package_format2.xsd"
[1.200s] 6: Schemas parser error : Failed to locate the main schema resource at 'http://download.ros.org/schema/package_format2.xsd'.
[1.200s] 6: WXS schema http://download.ros.org/schema/package_format2.xsd failed to compile
[1.200s] 6: 
[1.201s] 6: 1 files are invalid
[1.215s] 6: -- run_test.py: return code 1
[1.215s] 6: -- run_test.py: verify result file '/home/wade/ros2_ws/build/examples_rclcpp_minimal_service/test_results/examples_rclcpp_minimal_service/xmllint.xunit.xml'
[1.228s] 6/6 Test #6: xmllint ..........................***Failed    0.16 sec
[1.228s] 
[1.228s] 83% tests passed[0;0m, [0;31m1 tests failed[0;0m out of 6
[1.228s] 
[1.228s] Label Time Summary:
[1.228s] copyright     =   0.31 sec*proc (1 test)
[1.228s] cppcheck      =   0.21 sec*proc (1 test)
[1.228s] cpplint       =   0.18 sec*proc (1 test)
[1.228s] lint_cmake    =   0.14 sec*proc (1 test)
[1.228s] linter        =   1.15 sec*proc (6 tests)
[1.228s] uncrustify    =   0.15 sec*proc (1 test)
[1.228s] xmllint       =   0.16 sec*proc (1 test)
[1.228s] 
[1.228s] Total Test time (real) =   1.16 sec
[1.228s] 
[1.228s] The following tests FAILED:
[1.228s] 	[0;31m  6 - xmllint (Failed)[0;0m
[1.232s] Errors while running CTest
[1.232s] Output from these tests are in: /home/wade/ros2_ws/build/examples_rclcpp_minimal_service/Testing/Temporary/LastTest.log
[1.232s] Use "--rerun-failed --output-on-failure" to re-run the failed cases verbosely.
[1.242s] Invoked command in '/home/wade/ros2_ws/build/examples_rclcpp_minimal_service' returned '8': AMENT_PREFIX_PATH=/home/wade/ros2_ws/install/examples_rclcpp_minimal_service:${AMENT_PREFIX_PATH} CMAKE_PREFIX_PATH=/home/wade/ros2_ws/install/examples_rclcpp_minimal_service /usr/bin/ctest -C Release -D ExperimentalTest --no-compress-output -V --force-new-ctest-process
