[0.110s] Invoking command in '/home/wade/ros2_ws/build/examples_rclcpp_async_client': AMENT_PREFIX_PATH=/home/wade/ros2_ws/install/examples_rclcpp_async_client:${AMENT_PREFIX_PATH} CMAKE_PREFIX_PATH=/home/wade/ros2_ws/install/examples_rclcpp_async_client /usr/bin/ctest -C Release -D ExperimentalTest --no-compress-output -V --force-new-ctest-process
[1.440s] Errors while running CTest
[1.440s] Output from these tests are in: /home/wade/ros2_ws/build/examples_rclcpp_async_client/Testing/Temporary/LastTest.log
[1.440s] Use "--rerun-failed --output-on-failure" to re-run the failed cases verbosely.
[1.440s] UpdateCTestConfiguration  from :/home/wade/ros2_ws/build/examples_rclcpp_async_client/CTestConfiguration.ini
[1.441s] Parse Config file:/home/wade/ros2_ws/build/examples_rclcpp_async_client/CTestConfiguration.ini
[1.441s]    Site: wade-LOQ-15APH8
[1.441s]    Build name: (empty)
[1.441s]  Add coverage exclude regular expressions.
[1.441s] Create new tag: 20241225-0221 - Experimental
[1.441s] UpdateCTestConfiguration  from :/home/wade/ros2_ws/build/examples_rclcpp_async_client/CTestConfiguration.ini
[1.441s] Parse Config file:/home/wade/ros2_ws/build/examples_rclcpp_async_client/CTestConfiguration.ini
[1.441s] Test project /home/wade/ros2_ws/build/examples_rclcpp_async_client
[1.441s] Constructing a list of tests
[1.441s] Done constructing a list of tests
[1.441s] Updating test list for fixtures
[1.441s] Added 0 tests to meet fixture requirements
[1.441s] Checking test dependency graph...
[1.441s] Checking test dependency graph end
[1.441s] test 1
[1.441s]     Start 1: copyright
[1.441s] 
[1.441s] 1: Test command: /usr/bin/python3 "-u" "/opt/ros/humble/share/ament_cmake_test/cmake/run_test.py" "/home/wade/ros2_ws/build/examples_rclcpp_async_client/test_results/examples_rclcpp_async_client/copyright.xunit.xml" "--package-name" "examples_rclcpp_async_client" "--output-file" "/home/wade/ros2_ws/build/examples_rclcpp_async_client/ament_copyright/copyright.txt" "--command" "/opt/ros/humble/bin/ament_copyright" "--xunit-file" "/home/wade/ros2_ws/build/examples_rclcpp_async_client/test_results/examples_rclcpp_async_client/copyright.xunit.xml"
[1.441s] 1: Test timeout computed to be: 200
[1.441s] 1: -- run_test.py: invoking following command in '/home/wade/ros2_ws/src/examples/rclcpp/services/async_client':
[1.442s] 1:  - /opt/ros/humble/bin/ament_copyright --xunit-file /home/wade/ros2_ws/build/examples_rclcpp_async_client/test_results/examples_rclcpp_async_client/copyright.xunit.xml
[1.442s] 1: No problems found, checked 1 files
[1.442s] 1: -- run_test.py: return code 0
[1.442s] 1: -- run_test.py: verify result file '/home/wade/ros2_ws/build/examples_rclcpp_async_client/test_results/examples_rclcpp_async_client/copyright.xunit.xml'
[1.442s] 1/6 Test #1: copyright ........................   Passed    0.31 sec
[1.442s] test 2
[1.442s]     Start 2: cppcheck
[1.442s] 
[1.442s] 2: Test command: /usr/bin/python3 "-u" "/opt/ros/humble/share/ament_cmake_test/cmake/run_test.py" "/home/wade/ros2_ws/build/examples_rclcpp_async_client/test_results/examples_rclcpp_async_client/cppcheck.xunit.xml" "--package-name" "examples_rclcpp_async_client" "--output-file" "/home/wade/ros2_ws/build/examples_rclcpp_async_client/ament_cppcheck/cppcheck.txt" "--command" "/opt/ros/humble/bin/ament_cppcheck" "--xunit-file" "/home/wade/ros2_ws/build/examples_rclcpp_async_client/test_results/examples_rclcpp_async_client/cppcheck.xunit.xml"
[1.442s] 2: Test timeout computed to be: 300
[1.442s] 2: -- run_test.py: invoking following command in '/home/wade/ros2_ws/src/examples/rclcpp/services/async_client':
[1.442s] 2:  - /opt/ros/humble/bin/ament_cppcheck --xunit-file /home/wade/ros2_ws/build/examples_rclcpp_async_client/test_results/examples_rclcpp_async_client/cppcheck.xunit.xml
[1.442s] 2: cppcheck 2.7 has known performance issues and therefore will not be used, set the AMENT_CPPCHECK_ALLOW_SLOW_VERSIONS environment variable to override this.
[1.442s] 2: -- run_test.py: return code 0
[1.442s] 2: -- run_test.py: verify result file '/home/wade/ros2_ws/build/examples_rclcpp_async_client/test_results/examples_rclcpp_async_client/cppcheck.xunit.xml'
[1.442s] 2/6 Test #2: cppcheck .........................   Passed    0.21 sec
[1.442s] test 3
[1.442s]     Start 3: cpplint
[1.442s] 
[1.442s] 3: Test command: /usr/bin/python3 "-u" "/opt/ros/humble/share/ament_cmake_test/cmake/run_test.py" "/home/wade/ros2_ws/build/examples_rclcpp_async_client/test_results/examples_rclcpp_async_client/cpplint.xunit.xml" "--package-name" "examples_rclcpp_async_client" "--output-file" "/home/wade/ros2_ws/build/examples_rclcpp_async_client/ament_cpplint/cpplint.txt" "--command" "/opt/ros/humble/bin/ament_cpplint" "--xunit-file" "/home/wade/ros2_ws/build/examples_rclcpp_async_client/test_results/examples_rclcpp_async_client/cpplint.xunit.xml"
[1.442s] 3: Test timeout computed to be: 120
[1.442s] 3: -- run_test.py: invoking following command in '/home/wade/ros2_ws/src/examples/rclcpp/services/async_client':
[1.442s] 3:  - /opt/ros/humble/bin/ament_cpplint --xunit-file /home/wade/ros2_ws/build/examples_rclcpp_async_client/test_results/examples_rclcpp_async_client/cpplint.xunit.xml
[1.442s] 3: Using '--root=..' argument
[1.442s] 3: 
[1.442s] 3: Done processing /home/wade/ros2_ws/src/examples/rclcpp/services/async_client/main.cpp
[1.442s] 3: 
[1.442s] 3: No problems found
[1.442s] 3: -- run_test.py: return code 0
[1.442s] 3: -- run_test.py: verify result file '/home/wade/ros2_ws/build/examples_rclcpp_async_client/test_results/examples_rclcpp_async_client/cpplint.xunit.xml'
[1.442s] 3/6 Test #3: cpplint ..........................   Passed    0.22 sec
[1.442s] test 4
[1.442s]     Start 4: lint_cmake
[1.442s] 
[1.443s] 4: Test command: /usr/bin/python3 "-u" "/opt/ros/humble/share/ament_cmake_test/cmake/run_test.py" "/home/wade/ros2_ws/build/examples_rclcpp_async_client/test_results/examples_rclcpp_async_client/lint_cmake.xunit.xml" "--package-name" "examples_rclcpp_async_client" "--output-file" "/home/wade/ros2_ws/build/examples_rclcpp_async_client/ament_lint_cmake/lint_cmake.txt" "--command" "/opt/ros/humble/bin/ament_lint_cmake" "--xunit-file" "/home/wade/ros2_ws/build/examples_rclcpp_async_client/test_results/examples_rclcpp_async_client/lint_cmake.xunit.xml"
[1.443s] 4: Test timeout computed to be: 60
[1.443s] 4: -- run_test.py: invoking following command in '/home/wade/ros2_ws/src/examples/rclcpp/services/async_client':
[1.443s] 4:  - /opt/ros/humble/bin/ament_lint_cmake --xunit-file /home/wade/ros2_ws/build/examples_rclcpp_async_client/test_results/examples_rclcpp_async_client/lint_cmake.xunit.xml
[1.443s] 4: 
[1.443s] 4: No problems found
[1.443s] 4: -- run_test.py: return code 0
[1.443s] 4: -- run_test.py: verify result file '/home/wade/ros2_ws/build/examples_rclcpp_async_client/test_results/examples_rclcpp_async_client/lint_cmake.xunit.xml'
[1.443s] 4/6 Test #4: lint_cmake .......................   Passed    0.14 sec
[1.443s] test 5
[1.443s]     Start 5: uncrustify
[1.443s] 
[1.443s] 5: Test command: /usr/bin/python3 "-u" "/opt/ros/humble/share/ament_cmake_test/cmake/run_test.py" "/home/wade/ros2_ws/build/examples_rclcpp_async_client/test_results/examples_rclcpp_async_client/uncrustify.xunit.xml" "--package-name" "examples_rclcpp_async_client" "--output-file" "/home/wade/ros2_ws/build/examples_rclcpp_async_client/ament_uncrustify/uncrustify.txt" "--command" "/opt/ros/humble/bin/ament_uncrustify" "--xunit-file" "/home/wade/ros2_ws/build/examples_rclcpp_async_client/test_results/examples_rclcpp_async_client/uncrustify.xunit.xml"
[1.443s] 5: Test timeout computed to be: 60
[1.443s] 5: -- run_test.py: invoking following command in '/home/wade/ros2_ws/src/examples/rclcpp/services/async_client':
[1.443s] 5:  - /opt/ros/humble/bin/ament_uncrustify --xunit-file /home/wade/ros2_ws/build/examples_rclcpp_async_client/test_results/examples_rclcpp_async_client/uncrustify.xunit.xml
[1.443s] 5: No code style divergence in file 'main.cpp'
[1.443s] 5: 
[1.443s] 5: No problems found
[1.443s] 5: -- run_test.py: return code 0
[1.443s] 5: -- run_test.py: verify result file '/home/wade/ros2_ws/build/examples_rclcpp_async_client/test_results/examples_rclcpp_async_client/uncrustify.xunit.xml'
[1.443s] 5/6 Test #5: uncrustify .......................   Passed    0.14 sec
[1.443s] test 6
[1.443s]     Start 6: xmllint
[1.443s] 
[1.443s] 6: Test command: /usr/bin/python3 "-u" "/opt/ros/humble/share/ament_cmake_test/cmake/run_test.py" "/home/wade/ros2_ws/build/examples_rclcpp_async_client/test_results/examples_rclcpp_async_client/xmllint.xunit.xml" "--package-name" "examples_rclcpp_async_client" "--output-file" "/home/wade/ros2_ws/build/examples_rclcpp_async_client/ament_xmllint/xmllint.txt" "--command" "/opt/ros/humble/bin/ament_xmllint" "--xunit-file" "/home/wade/ros2_ws/build/examples_rclcpp_async_client/test_results/examples_rclcpp_async_client/xmllint.xunit.xml"
[1.443s] 6: Test timeout computed to be: 60
[1.444s] 6: -- run_test.py: invoking following command in '/home/wade/ros2_ws/src/examples/rclcpp/services/async_client':
[1.444s] 6:  - /opt/ros/humble/bin/ament_xmllint --xunit-file /home/wade/ros2_ws/build/examples_rclcpp_async_client/test_results/examples_rclcpp_async_client/xmllint.xunit.xml
[1.444s] 6: File 'package.xml' is invalid:
[1.444s] 6: error : Resource temporarily unavailable
[1.444s] 6: warning: failed to load external entity "http://download.ros.org/schema/package_format2.xsd"
[1.444s] 6: Schemas parser error : Failed to locate the main schema resource at 'http://download.ros.org/schema/package_format2.xsd'.
[1.444s] 6: WXS schema http://download.ros.org/schema/package_format2.xsd failed to compile
[1.444s] 6: 
[1.444s] 6: 1 files are invalid
[1.444s] 6: -- run_test.py: return code 1
[1.444s] 6: -- run_test.py: verify result file '/home/wade/ros2_ws/build/examples_rclcpp_async_client/test_results/examples_rclcpp_async_client/xmllint.xunit.xml'
[1.444s] 6/6 Test #6: xmllint ..........................***Failed    0.14 sec
[1.444s] 
[1.444s] 83% tests passed[0;0m, [0;31m1 tests failed[0;0m out of 6
[1.444s] 
[1.444s] Label Time Summary:
[1.444s] copyright     =   0.31 sec*proc (1 test)
[1.444s] cppcheck      =   0.21 sec*proc (1 test)
[1.444s] cpplint       =   0.22 sec*proc (1 test)
[1.444s] lint_cmake    =   0.14 sec*proc (1 test)
[1.444s] linter        =   1.17 sec*proc (6 tests)
[1.444s] uncrustify    =   0.14 sec*proc (1 test)
[1.444s] xmllint       =   0.14 sec*proc (1 test)
[1.444s] 
[1.444s] Total Test time (real) =   1.17 sec
[1.444s] 
[1.444s] The following tests FAILED:
[1.444s] 	[0;31m  6 - xmllint (Failed)[0;0m
[1.454s] Invoked command in '/home/wade/ros2_ws/build/examples_rclcpp_async_client' returned '8': AMENT_PREFIX_PATH=/home/wade/ros2_ws/install/examples_rclcpp_async_client:${AMENT_PREFIX_PATH} CMAKE_PREFIX_PATH=/home/wade/ros2_ws/install/examples_rclcpp_async_client /usr/bin/ctest -C Release -D ExperimentalTest --no-compress-output -V --force-new-ctest-process
