[0.083s] Invoking command in '/home/wade/ros2_ws/build/examples_rclcpp_minimal_composition': AMENT_PREFIX_PATH=/home/wade/ros2_ws/install/examples_rclcpp_minimal_composition:${AMENT_PREFIX_PATH} CMAKE_PREFIX_PATH=/home/wade/ros2_ws/install/examples_rclcpp_minimal_composition LD_LIBRARY_PATH=/home/wade/ros2_ws/install/examples_rclcpp_minimal_composition/lib:${LD_LIBRARY_PATH} /usr/bin/ctest -C Release -D ExperimentalTest --no-compress-output -V --force-new-ctest-process
[1.240s] UpdateCTestConfiguration  from :/home/wade/ros2_ws/build/examples_rclcpp_minimal_composition/CTestConfiguration.ini
[1.240s] Parse Config file:/home/wade/ros2_ws/build/examples_rclcpp_minimal_composition/CTestConfiguration.ini
[1.240s]    Site: wade-LOQ-15APH8
[1.240s]    Build name: (empty)
[1.240s]  Add coverage exclude regular expressions.
[1.240s] Create new tag: 20241225-0221 - Experimental
[1.240s] UpdateCTestConfiguration  from :/home/wade/ros2_ws/build/examples_rclcpp_minimal_composition/CTestConfiguration.ini
[1.240s] Parse Config file:/home/wade/ros2_ws/build/examples_rclcpp_minimal_composition/CTestConfiguration.ini
[1.240s] Test project /home/wade/ros2_ws/build/examples_rclcpp_minimal_composition
[1.240s] Constructing a list of tests
[1.240s] Done constructing a list of tests
[1.240s] Updating test list for fixtures
[1.240s] Added 0 tests to meet fixture requirements
[1.241s] Checking test dependency graph...
[1.241s] Checking test dependency graph end
[1.241s] test 1
[1.241s]     Start 1: copyright
[1.241s] 
[1.241s] 1: Test command: /usr/bin/python3 "-u" "/opt/ros/humble/share/ament_cmake_test/cmake/run_test.py" "/home/wade/ros2_ws/build/examples_rclcpp_minimal_composition/test_results/examples_rclcpp_minimal_composition/copyright.xunit.xml" "--package-name" "examples_rclcpp_minimal_composition" "--output-file" "/home/wade/ros2_ws/build/examples_rclcpp_minimal_composition/ament_copyright/copyright.txt" "--command" "/opt/ros/humble/bin/ament_copyright" "--xunit-file" "/home/wade/ros2_ws/build/examples_rclcpp_minimal_composition/test_results/examples_rclcpp_minimal_composition/copyright.xunit.xml"
[1.241s] 1: Test timeout computed to be: 200
[1.241s] 1: -- run_test.py: invoking following command in '/home/wade/ros2_ws/src/examples/rclcpp/composition/minimal_composition':
[1.241s] 1:  - /opt/ros/humble/bin/ament_copyright --xunit-file /home/wade/ros2_ws/build/examples_rclcpp_minimal_composition/test_results/examples_rclcpp_minimal_composition/copyright.xunit.xml
[1.241s] 1: No problems found, checked 8 files
[1.241s] 1: -- run_test.py: return code 0
[1.241s] 1: -- run_test.py: verify result file '/home/wade/ros2_ws/build/examples_rclcpp_minimal_composition/test_results/examples_rclcpp_minimal_composition/copyright.xunit.xml'
[1.241s] 1/6 Test #1: copyright ........................   Passed    0.53 sec
[1.241s] test 2
[1.241s]     Start 2: cppcheck
[1.241s] 
[1.241s] 2: Test command: /usr/bin/python3 "-u" "/opt/ros/humble/share/ament_cmake_test/cmake/run_test.py" "/home/wade/ros2_ws/build/examples_rclcpp_minimal_composition/test_results/examples_rclcpp_minimal_composition/cppcheck.xunit.xml" "--package-name" "examples_rclcpp_minimal_composition" "--output-file" "/home/wade/ros2_ws/build/examples_rclcpp_minimal_composition/ament_cppcheck/cppcheck.txt" "--command" "/opt/ros/humble/bin/ament_cppcheck" "--xunit-file" "/home/wade/ros2_ws/build/examples_rclcpp_minimal_composition/test_results/examples_rclcpp_minimal_composition/cppcheck.xunit.xml" "--include_dirs" "/home/wade/ros2_ws/src/examples/rclcpp/composition/minimal_composition/include"
[1.241s] 2: Test timeout computed to be: 300
[1.241s] 2: -- run_test.py: invoking following command in '/home/wade/ros2_ws/src/examples/rclcpp/composition/minimal_composition':
[1.241s] 2:  - /opt/ros/humble/bin/ament_cppcheck --xunit-file /home/wade/ros2_ws/build/examples_rclcpp_minimal_composition/test_results/examples_rclcpp_minimal_composition/cppcheck.xunit.xml --include_dirs /home/wade/ros2_ws/src/examples/rclcpp/composition/minimal_composition/include
[1.241s] 2: cppcheck 2.7 has known performance issues and therefore will not be used, set the AMENT_CPPCHECK_ALLOW_SLOW_VERSIONS environment variable to override this.
[1.241s] 2: -- run_test.py: return code 0
[1.241s] 2: -- run_test.py: verify result file '/home/wade/ros2_ws/build/examples_rclcpp_minimal_composition/test_results/examples_rclcpp_minimal_composition/cppcheck.xunit.xml'
[1.241s] 2/6 Test #2: cppcheck .........................   Passed    0.16 sec
[1.242s] test 3
[1.242s]     Start 3: cpplint
[1.242s] 
[1.242s] 3: Test command: /usr/bin/python3 "-u" "/opt/ros/humble/share/ament_cmake_test/cmake/run_test.py" "/home/wade/ros2_ws/build/examples_rclcpp_minimal_composition/test_results/examples_rclcpp_minimal_composition/cpplint.xunit.xml" "--package-name" "examples_rclcpp_minimal_composition" "--output-file" "/home/wade/ros2_ws/build/examples_rclcpp_minimal_composition/ament_cpplint/cpplint.txt" "--command" "/opt/ros/humble/bin/ament_cpplint" "--xunit-file" "/home/wade/ros2_ws/build/examples_rclcpp_minimal_composition/test_results/examples_rclcpp_minimal_composition/cpplint.xunit.xml"
[1.242s] 3: Test timeout computed to be: 120
[1.242s] 3: -- run_test.py: invoking following command in '/home/wade/ros2_ws/src/examples/rclcpp/composition/minimal_composition':
[1.242s] 3:  - /opt/ros/humble/bin/ament_cpplint --xunit-file /home/wade/ros2_ws/build/examples_rclcpp_minimal_composition/test_results/examples_rclcpp_minimal_composition/cpplint.xunit.xml
[1.242s] 3: Using '--root=/home/wade/ros2_ws/src/examples/rclcpp/composition/minimal_composition/include' argument
[1.242s] 3: 
[1.242s] 3: Done processing /home/wade/ros2_ws/src/examples/rclcpp/composition/minimal_composition/include/minimal_composition/publisher_node.hpp
[1.242s] 3: 
[1.242s] 3: Done processing /home/wade/ros2_ws/src/examples/rclcpp/composition/minimal_composition/include/minimal_composition/subscriber_node.hpp
[1.242s] 3: 
[1.242s] 3: Done processing /home/wade/ros2_ws/src/examples/rclcpp/composition/minimal_composition/include/minimal_composition/visibility.h
[1.242s] 3: 
[1.242s] 3: Using '--root=/home/wade/ros2_ws/src/examples/rclcpp/composition/minimal_composition/src' argument
[1.242s] 3: 
[1.242s] 3: Done processing /home/wade/ros2_ws/src/examples/rclcpp/composition/minimal_composition/src/composed.cpp
[1.242s] 3: 
[1.242s] 3: Done processing /home/wade/ros2_ws/src/examples/rclcpp/composition/minimal_composition/src/publisher_node.cpp
[1.242s] 3: 
[1.242s] 3: Done processing /home/wade/ros2_ws/src/examples/rclcpp/composition/minimal_composition/src/standalone_publisher.cpp
[1.242s] 3: 
[1.242s] 3: Done processing /home/wade/ros2_ws/src/examples/rclcpp/composition/minimal_composition/src/standalone_subscriber.cpp
[1.242s] 3: 
[1.243s] 3: Done processing /home/wade/ros2_ws/src/examples/rclcpp/composition/minimal_composition/src/subscriber_node.cpp
[1.243s] 3: 
[1.243s] 3: No problems found
[1.243s] 3: -- run_test.py: return code 0
[1.243s] 3: -- run_test.py: verify result file '/home/wade/ros2_ws/build/examples_rclcpp_minimal_composition/test_results/examples_rclcpp_minimal_composition/cpplint.xunit.xml'
[1.243s] 3/6 Test #3: cpplint ..........................   Passed    0.23 sec
[1.243s] test 4
[1.243s]     Start 4: lint_cmake
[1.243s] 
[1.243s] 4: Test command: /usr/bin/python3 "-u" "/opt/ros/humble/share/ament_cmake_test/cmake/run_test.py" "/home/wade/ros2_ws/build/examples_rclcpp_minimal_composition/test_results/examples_rclcpp_minimal_composition/lint_cmake.xunit.xml" "--package-name" "examples_rclcpp_minimal_composition" "--output-file" "/home/wade/ros2_ws/build/examples_rclcpp_minimal_composition/ament_lint_cmake/lint_cmake.txt" "--command" "/opt/ros/humble/bin/ament_lint_cmake" "--xunit-file" "/home/wade/ros2_ws/build/examples_rclcpp_minimal_composition/test_results/examples_rclcpp_minimal_composition/lint_cmake.xunit.xml"
[1.243s] 4: Test timeout computed to be: 60
[1.243s] 4: -- run_test.py: invoking following command in '/home/wade/ros2_ws/src/examples/rclcpp/composition/minimal_composition':
[1.243s] 4:  - /opt/ros/humble/bin/ament_lint_cmake --xunit-file /home/wade/ros2_ws/build/examples_rclcpp_minimal_composition/test_results/examples_rclcpp_minimal_composition/lint_cmake.xunit.xml
[1.243s] 4: 
[1.243s] 4: No problems found
[1.243s] 4: -- run_test.py: return code 0
[1.243s] 4: -- run_test.py: verify result file '/home/wade/ros2_ws/build/examples_rclcpp_minimal_composition/test_results/examples_rclcpp_minimal_composition/lint_cmake.xunit.xml'
[1.243s] 4/6 Test #4: lint_cmake .......................   Passed    0.14 sec
[1.243s] test 5
[1.243s]     Start 5: uncrustify
[1.243s] 
[1.243s] 5: Test command: /usr/bin/python3 "-u" "/opt/ros/humble/share/ament_cmake_test/cmake/run_test.py" "/home/wade/ros2_ws/build/examples_rclcpp_minimal_composition/test_results/examples_rclcpp_minimal_composition/uncrustify.xunit.xml" "--package-name" "examples_rclcpp_minimal_composition" "--output-file" "/home/wade/ros2_ws/build/examples_rclcpp_minimal_composition/ament_uncrustify/uncrustify.txt" "--command" "/opt/ros/humble/bin/ament_uncrustify" "--xunit-file" "/home/wade/ros2_ws/build/examples_rclcpp_minimal_composition/test_results/examples_rclcpp_minimal_composition/uncrustify.xunit.xml"
[1.243s] 5: Test timeout computed to be: 60
[1.243s] 5: -- run_test.py: invoking following command in '/home/wade/ros2_ws/src/examples/rclcpp/composition/minimal_composition':
[1.248s] 5:  - /opt/ros/humble/bin/ament_uncrustify --xunit-file /home/wade/ros2_ws/build/examples_rclcpp_minimal_composition/test_results/examples_rclcpp_minimal_composition/uncrustify.xunit.xml
[1.268s] 5: No code style divergence in file 'include/minimal_composition/publisher_node.hpp'
[1.268s] 5: 
[1.268s] 5: No code style divergence in file 'include/minimal_composition/subscriber_node.hpp'
[1.268s] 5: 
[1.268s] 5: No code style divergence in file 'include/minimal_composition/visibility.h'
[1.268s] 5: 
[1.268s] 5: No code style divergence in file 'src/composed.cpp'
[1.268s] 5: 
[1.268s] 5: No code style divergence in file 'src/publisher_node.cpp'
[1.268s] 5: 
[1.268s] 5: No code style divergence in file 'src/standalone_publisher.cpp'
[1.268s] 5: 
[1.269s] 5: No code style divergence in file 'src/standalone_subscriber.cpp'
[1.269s] 5: 
[1.269s] 5: No code style divergence in file 'src/subscriber_node.cpp'
[1.269s] 5: 
[1.269s] 5: No problems found
[1.281s] 5: -- run_test.py: return code 0
[1.281s] 5: -- run_test.py: verify result file '/home/wade/ros2_ws/build/examples_rclcpp_minimal_composition/test_results/examples_rclcpp_minimal_composition/uncrustify.xunit.xml'
[1.290s] 5/6 Test #5: uncrustify .......................   Passed    0.15 sec
[1.290s] test 6
[1.290s]     Start 6: xmllint
[1.290s] 
[1.290s] 6: Test command: /usr/bin/python3 "-u" "/opt/ros/humble/share/ament_cmake_test/cmake/run_test.py" "/home/wade/ros2_ws/build/examples_rclcpp_minimal_composition/test_results/examples_rclcpp_minimal_composition/xmllint.xunit.xml" "--package-name" "examples_rclcpp_minimal_composition" "--output-file" "/home/wade/ros2_ws/build/examples_rclcpp_minimal_composition/ament_xmllint/xmllint.txt" "--command" "/opt/ros/humble/bin/ament_xmllint" "--xunit-file" "/home/wade/ros2_ws/build/examples_rclcpp_minimal_composition/test_results/examples_rclcpp_minimal_composition/xmllint.xunit.xml"
[1.290s] 6: Test timeout computed to be: 60
[1.328s] 6: -- run_test.py: invoking following command in '/home/wade/ros2_ws/src/examples/rclcpp/composition/minimal_composition':
[1.328s] 6:  - /opt/ros/humble/bin/ament_xmllint --xunit-file /home/wade/ros2_ws/build/examples_rclcpp_minimal_composition/test_results/examples_rclcpp_minimal_composition/xmllint.xunit.xml
[1.374s] 6: File 'package.xml' is invalid:
[1.374s] 6: error : Resource temporarily unavailable
[1.374s] 6: warning: failed to load external entity "http://download.ros.org/schema/package_format2.xsd"
[1.374s] 6: Schemas parser error : Failed to locate the main schema resource at 'http://download.ros.org/schema/package_format2.xsd'.
[1.374s] 6: WXS schema http://download.ros.org/schema/package_format2.xsd failed to compile
[1.374s] 6: 
[1.374s] 6: 1 files are invalid
[1.381s] 6: -- run_test.py: return code 1
[1.381s] 6: -- run_test.py: verify result file '/home/wade/ros2_ws/build/examples_rclcpp_minimal_composition/test_results/examples_rclcpp_minimal_composition/xmllint.xunit.xml'
[1.387s] 6/6 Test #6: xmllint ..........................***Failed    0.10 sec
[1.387s] 
[1.387s] 83% tests passed[0;0m, [0;31m1 tests failed[0;0m out of 6
[1.387s] 
[1.387s] Label Time Summary:
[1.387s] copyright     =   0.53 sec*proc (1 test)
[1.388s] cppcheck      =   0.16 sec*proc (1 test)
[1.388s] cpplint       =   0.23 sec*proc (1 test)
[1.388s] lint_cmake    =   0.14 sec*proc (1 test)
[1.388s] linter        =   1.30 sec*proc (6 tests)
[1.388s] uncrustify    =   0.15 sec*proc (1 test)
[1.388s] xmllint       =   0.10 sec*proc (1 test)
[1.388s] 
[1.388s] Total Test time (real) =   1.31 sec
[1.388s] 
[1.388s] The following tests FAILED:
[1.388s] 	[0;31m  6 - xmllint (Failed)[0;0m
[1.389s] Errors while running CTest
[1.389s] Output from these tests are in: /home/wade/ros2_ws/build/examples_rclcpp_minimal_composition/Testing/Temporary/LastTest.log
[1.389s] Use "--rerun-failed --output-on-failure" to re-run the failed cases verbosely.
[1.429s] Invoked command in '/home/wade/ros2_ws/build/examples_rclcpp_minimal_composition' returned '8': AMENT_PREFIX_PATH=/home/wade/ros2_ws/install/examples_rclcpp_minimal_composition:${AMENT_PREFIX_PATH} CMAKE_PREFIX_PATH=/home/wade/ros2_ws/install/examples_rclcpp_minimal_composition LD_LIBRARY_PATH=/home/wade/ros2_ws/install/examples_rclcpp_minimal_composition/lib:${LD_LIBRARY_PATH} /usr/bin/ctest -C Release -D ExperimentalTest --no-compress-output -V --force-new-ctest-process
