[0.093s] Invoking command in '/home/wade/ros2_ws/build/examples_rclcpp_minimal_action_client': AMENT_PREFIX_PATH=/home/wade/ros2_ws/install/examples_rclcpp_minimal_action_client:${AMENT_PREFIX_PATH} CMAKE_PREFIX_PATH=/home/wade/ros2_ws/install/examples_rclcpp_minimal_action_client /usr/bin/ctest -C Release -D ExperimentalTest --no-compress-output -V --force-new-ctest-process
[0.122s] UpdateCTestConfiguration  from :/home/wade/ros2_ws/build/examples_rclcpp_minimal_action_client/CTestConfiguration.ini
[0.122s] Parse Config file:/home/wade/ros2_ws/build/examples_rclcpp_minimal_action_client/CTestConfiguration.ini
[0.122s]    Site: wade-LOQ-15APH8
[0.122s]    Build name: (empty)
[0.122s]  Add coverage exclude regular expressions.
[0.122s] Create new tag: 20241225-0221 - Experimental
[0.122s] UpdateCTestConfiguration  from :/home/wade/ros2_ws/build/examples_rclcpp_minimal_action_client/CTestConfiguration.ini
[0.122s] Parse Config file:/home/wade/ros2_ws/build/examples_rclcpp_minimal_action_client/CTestConfiguration.ini
[0.122s] Test project /home/wade/ros2_ws/build/examples_rclcpp_minimal_action_client
[0.124s] Constructing a list of tests
[0.124s] Done constructing a list of tests
[0.124s] Updating test list for fixtures
[0.124s] Added 0 tests to meet fixture requirements
[0.124s] Checking test dependency graph...
[0.124s] Checking test dependency graph end
[0.125s] test 1
[0.125s]     Start 1: copyright
[0.125s] 
[0.125s] 1: Test command: /usr/bin/python3 "-u" "/opt/ros/humble/share/ament_cmake_test/cmake/run_test.py" "/home/wade/ros2_ws/build/examples_rclcpp_minimal_action_client/test_results/examples_rclcpp_minimal_action_client/copyright.xunit.xml" "--package-name" "examples_rclcpp_minimal_action_client" "--output-file" "/home/wade/ros2_ws/build/examples_rclcpp_minimal_action_client/ament_copyright/copyright.txt" "--command" "/opt/ros/humble/bin/ament_copyright" "--xunit-file" "/home/wade/ros2_ws/build/examples_rclcpp_minimal_action_client/test_results/examples_rclcpp_minimal_action_client/copyright.xunit.xml"
[0.125s] 1: Test timeout computed to be: 200
[0.230s] 1: -- run_test.py: invoking following command in '/home/wade/ros2_ws/src/examples/rclcpp/actions/minimal_action_client':
[0.230s] 1:  - /opt/ros/humble/bin/ament_copyright --xunit-file /home/wade/ros2_ws/build/examples_rclcpp_minimal_action_client/test_results/examples_rclcpp_minimal_action_client/copyright.xunit.xml
[0.500s] 1: No problems found, checked 4 files
[0.513s] 1: -- run_test.py: return code 0
[0.514s] 1: -- run_test.py: verify result file '/home/wade/ros2_ws/build/examples_rclcpp_minimal_action_client/test_results/examples_rclcpp_minimal_action_client/copyright.xunit.xml'
[0.526s] 1/6 Test #1: copyright ........................   Passed    0.43 sec
[0.526s] test 2
[0.526s]     Start 2: cppcheck
[0.526s] 
[0.526s] 2: Test command: /usr/bin/python3 "-u" "/opt/ros/humble/share/ament_cmake_test/cmake/run_test.py" "/home/wade/ros2_ws/build/examples_rclcpp_minimal_action_client/test_results/examples_rclcpp_minimal_action_client/cppcheck.xunit.xml" "--package-name" "examples_rclcpp_minimal_action_client" "--output-file" "/home/wade/ros2_ws/build/examples_rclcpp_minimal_action_client/ament_cppcheck/cppcheck.txt" "--command" "/opt/ros/humble/bin/ament_cppcheck" "--xunit-file" "/home/wade/ros2_ws/build/examples_rclcpp_minimal_action_client/test_results/examples_rclcpp_minimal_action_client/cppcheck.xunit.xml"
[0.526s] 2: Test timeout computed to be: 300
[0.593s] 2: -- run_test.py: invoking following command in '/home/wade/ros2_ws/src/examples/rclcpp/actions/minimal_action_client':
[0.593s] 2:  - /opt/ros/humble/bin/ament_cppcheck --xunit-file /home/wade/ros2_ws/build/examples_rclcpp_minimal_action_client/test_results/examples_rclcpp_minimal_action_client/cppcheck.xunit.xml
[0.672s] 2: cppcheck 2.7 has known performance issues and therefore will not be used, set the AMENT_CPPCHECK_ALLOW_SLOW_VERSIONS environment variable to override this.
[0.686s] 2: -- run_test.py: return code 0
[0.686s] 2: -- run_test.py: verify result file '/home/wade/ros2_ws/build/examples_rclcpp_minimal_action_client/test_results/examples_rclcpp_minimal_action_client/cppcheck.xunit.xml'
[0.700s] 2/6 Test #2: cppcheck .........................   Passed    0.17 sec
[0.700s] test 3
[0.700s]     Start 3: cpplint
[0.700s] 
[0.700s] 3: Test command: /usr/bin/python3 "-u" "/opt/ros/humble/share/ament_cmake_test/cmake/run_test.py" "/home/wade/ros2_ws/build/examples_rclcpp_minimal_action_client/test_results/examples_rclcpp_minimal_action_client/cpplint.xunit.xml" "--package-name" "examples_rclcpp_minimal_action_client" "--output-file" "/home/wade/ros2_ws/build/examples_rclcpp_minimal_action_client/ament_cpplint/cpplint.txt" "--command" "/opt/ros/humble/bin/ament_cpplint" "--xunit-file" "/home/wade/ros2_ws/build/examples_rclcpp_minimal_action_client/test_results/examples_rclcpp_minimal_action_client/cpplint.xunit.xml"
[0.700s] 3: Test timeout computed to be: 120
[0.759s] 3: -- run_test.py: invoking following command in '/home/wade/ros2_ws/src/examples/rclcpp/actions/minimal_action_client':
[0.759s] 3:  - /opt/ros/humble/bin/ament_cpplint --xunit-file /home/wade/ros2_ws/build/examples_rclcpp_minimal_action_client/test_results/examples_rclcpp_minimal_action_client/cpplint.xunit.xml
[0.924s] 3: Using '--root=..' argument
[0.924s] 3: 
[0.924s] 3: Done processing /home/wade/ros2_ws/src/examples/rclcpp/actions/minimal_action_client/member_functions.cpp
[0.924s] 3: 
[0.925s] 3: Done processing /home/wade/ros2_ws/src/examples/rclcpp/actions/minimal_action_client/not_composable.cpp
[0.925s] 3: 
[0.925s] 3: Done processing /home/wade/ros2_ws/src/examples/rclcpp/actions/minimal_action_client/not_composable_with_cancel.cpp
[0.925s] 3: 
[0.925s] 3: Done processing /home/wade/ros2_ws/src/examples/rclcpp/actions/minimal_action_client/not_composable_with_feedback.cpp
[0.925s] 3: 
[0.925s] 3: No problems found
[0.936s] 3: -- run_test.py: return code 0
[0.937s] 3: -- run_test.py: verify result file '/home/wade/ros2_ws/build/examples_rclcpp_minimal_action_client/test_results/examples_rclcpp_minimal_action_client/cpplint.xunit.xml'
[0.947s] 3/6 Test #3: cpplint ..........................   Passed    0.25 sec
[0.947s] test 4
[0.947s]     Start 4: lint_cmake
[0.948s] 
[0.948s] 4: Test command: /usr/bin/python3 "-u" "/opt/ros/humble/share/ament_cmake_test/cmake/run_test.py" "/home/wade/ros2_ws/build/examples_rclcpp_minimal_action_client/test_results/examples_rclcpp_minimal_action_client/lint_cmake.xunit.xml" "--package-name" "examples_rclcpp_minimal_action_client" "--output-file" "/home/wade/ros2_ws/build/examples_rclcpp_minimal_action_client/ament_lint_cmake/lint_cmake.txt" "--command" "/opt/ros/humble/bin/ament_lint_cmake" "--xunit-file" "/home/wade/ros2_ws/build/examples_rclcpp_minimal_action_client/test_results/examples_rclcpp_minimal_action_client/lint_cmake.xunit.xml"
[0.948s] 4: Test timeout computed to be: 60
[1.006s] 4: -- run_test.py: invoking following command in '/home/wade/ros2_ws/src/examples/rclcpp/actions/minimal_action_client':
[1.006s] 4:  - /opt/ros/humble/bin/ament_lint_cmake --xunit-file /home/wade/ros2_ws/build/examples_rclcpp_minimal_action_client/test_results/examples_rclcpp_minimal_action_client/lint_cmake.xunit.xml
[1.063s] 4: 
[1.064s] 4: No problems found
[1.077s] 4: -- run_test.py: return code 0
[1.077s] 4: -- run_test.py: verify result file '/home/wade/ros2_ws/build/examples_rclcpp_minimal_action_client/test_results/examples_rclcpp_minimal_action_client/lint_cmake.xunit.xml'
[1.089s] 4/6 Test #4: lint_cmake .......................   Passed    0.14 sec
[1.089s] test 5
[1.089s]     Start 5: uncrustify
[1.089s] 
[1.089s] 5: Test command: /usr/bin/python3 "-u" "/opt/ros/humble/share/ament_cmake_test/cmake/run_test.py" "/home/wade/ros2_ws/build/examples_rclcpp_minimal_action_client/test_results/examples_rclcpp_minimal_action_client/uncrustify.xunit.xml" "--package-name" "examples_rclcpp_minimal_action_client" "--output-file" "/home/wade/ros2_ws/build/examples_rclcpp_minimal_action_client/ament_uncrustify/uncrustify.txt" "--command" "/opt/ros/humble/bin/ament_uncrustify" "--xunit-file" "/home/wade/ros2_ws/build/examples_rclcpp_minimal_action_client/test_results/examples_rclcpp_minimal_action_client/uncrustify.xunit.xml"
[1.089s] 5: Test timeout computed to be: 60
[1.143s] 5: -- run_test.py: invoking following command in '/home/wade/ros2_ws/src/examples/rclcpp/actions/minimal_action_client':
[1.143s] 5:  - /opt/ros/humble/bin/ament_uncrustify --xunit-file /home/wade/ros2_ws/build/examples_rclcpp_minimal_action_client/test_results/examples_rclcpp_minimal_action_client/uncrustify.xunit.xml
[1.217s] 5: No code style divergence in file 'member_functions.cpp'
[1.217s] 5: 
[1.217s] 5: No code style divergence in file 'not_composable.cpp'
[1.217s] 5: 
[1.217s] 5: No code style divergence in file 'not_composable_with_cancel.cpp'
[1.217s] 5: 
[1.217s] 5: No code style divergence in file 'not_composable_with_feedback.cpp'
[1.217s] 5: 
[1.217s] 5: No problems found
[1.231s] 5: -- run_test.py: return code 0
[1.231s] 5: -- run_test.py: verify result file '/home/wade/ros2_ws/build/examples_rclcpp_minimal_action_client/test_results/examples_rclcpp_minimal_action_client/uncrustify.xunit.xml'
[1.243s] 5/6 Test #5: uncrustify .......................   Passed    0.15 sec
[1.243s] test 6
[1.243s]     Start 6: xmllint
[1.243s] 
[1.243s] 6: Test command: /usr/bin/python3 "-u" "/opt/ros/humble/share/ament_cmake_test/cmake/run_test.py" "/home/wade/ros2_ws/build/examples_rclcpp_minimal_action_client/test_results/examples_rclcpp_minimal_action_client/xmllint.xunit.xml" "--package-name" "examples_rclcpp_minimal_action_client" "--output-file" "/home/wade/ros2_ws/build/examples_rclcpp_minimal_action_client/ament_xmllint/xmllint.txt" "--command" "/opt/ros/humble/bin/ament_xmllint" "--xunit-file" "/home/wade/ros2_ws/build/examples_rclcpp_minimal_action_client/test_results/examples_rclcpp_minimal_action_client/xmllint.xunit.xml"
[1.243s] 6: Test timeout computed to be: 60
[1.294s] 6: -- run_test.py: invoking following command in '/home/wade/ros2_ws/src/examples/rclcpp/actions/minimal_action_client':
[1.294s] 6:  - /opt/ros/humble/bin/ament_xmllint --xunit-file /home/wade/ros2_ws/build/examples_rclcpp_minimal_action_client/test_results/examples_rclcpp_minimal_action_client/xmllint.xunit.xml
[1.339s] 6: File 'package.xml' is invalid:
[1.339s] 6: error : Resource temporarily unavailable
[1.339s] 6: warning: failed to load external entity "http://download.ros.org/schema/package_format2.xsd"
[1.339s] 6: Schemas parser error : Failed to locate the main schema resource at 'http://download.ros.org/schema/package_format2.xsd'.
[1.339s] 6: WXS schema http://download.ros.org/schema/package_format2.xsd failed to compile
[1.339s] 6: 
[1.339s] 6: 1 files are invalid
[1.349s] 6: -- run_test.py: return code 1
[1.349s] 6: -- run_test.py: verify result file '/home/wade/ros2_ws/build/examples_rclcpp_minimal_action_client/test_results/examples_rclcpp_minimal_action_client/xmllint.xunit.xml'
[1.358s] 6/6 Test #6: xmllint ..........................***Failed    0.11 sec
[1.358s] 
[1.358s] 83% tests passed[0;0m, [0;31m1 tests failed[0;0m out of 6
[1.358s] 
[1.358s] Label Time Summary:
[1.358s] copyright     =   0.43 sec*proc (1 test)
[1.358s] cppcheck      =   0.17 sec*proc (1 test)
[1.359s] cpplint       =   0.25 sec*proc (1 test)
[1.359s] lint_cmake    =   0.14 sec*proc (1 test)
[1.359s] linter        =   1.26 sec*proc (6 tests)
[1.359s] uncrustify    =   0.15 sec*proc (1 test)
[1.359s] xmllint       =   0.11 sec*proc (1 test)
[1.359s] 
[1.359s] Total Test time (real) =   1.27 sec
[1.359s] 
[1.359s] The following tests FAILED:
[1.359s] 	[0;31m  6 - xmllint (Failed)[0;0m
[1.360s] Errors while running CTest
[1.360s] Output from these tests are in: /home/wade/ros2_ws/build/examples_rclcpp_minimal_action_client/Testing/Temporary/LastTest.log
[1.361s] Use "--rerun-failed --output-on-failure" to re-run the failed cases verbosely.
[1.440s] Invoked command in '/home/wade/ros2_ws/build/examples_rclcpp_minimal_action_client' returned '8': AMENT_PREFIX_PATH=/home/wade/ros2_ws/install/examples_rclcpp_minimal_action_client:${AMENT_PREFIX_PATH} CMAKE_PREFIX_PATH=/home/wade/ros2_ws/install/examples_rclcpp_minimal_action_client /usr/bin/ctest -C Release -D ExperimentalTest --no-compress-output -V --force-new-ctest-process
