<?xml version="1.0" encoding="utf-8"?><testsuites><testsuite name="pytest" errors="0" failures="0" skipped="0" tests="3" time="0.279" timestamp="2024-12-24T21:21:21.222331" hostname="wade-LOQ-15APH8"><testcase classname="examples_rclpy_executors.executors.test.test_copyright" name="test_copyright" time="0.129" /><testcase classname="examples_rclpy_executors.executors.test.test_flake8" name="test_flake8" time="0.065" /><testcase classname="examples_rclpy_executors.executors.test.test_pep257" name="test_pep257" time="0.022" /></testsuite></testsuites>