[0.047s] Invoking command in '/home/wade/ros2_ws/build/examples_rclcpp_minimal_timer': AMENT_PREFIX_PATH=/home/wade/ros2_ws/install/examples_rclcpp_minimal_timer:${AMENT_PREFIX_PATH} CMAKE_PREFIX_PATH=/home/wade/ros2_ws/install/examples_rclcpp_minimal_timer /usr/bin/ctest -C Release -D ExperimentalTest --no-compress-output -V --force-new-ctest-process
[0.072s] UpdateCTestConfiguration  from :/home/wade/ros2_ws/build/examples_rclcpp_minimal_timer/CTestConfiguration.ini
[0.072s] Parse Config file:/home/wade/ros2_ws/build/examples_rclcpp_minimal_timer/CTestConfiguration.ini
[0.072s]    Site: wade-LOQ-15APH8
[0.072s]    Build name: (empty)
[0.072s]  Add coverage exclude regular expressions.
[0.072s] Create new tag: 20241225-0221 - Experimental
[0.076s] UpdateCTestConfiguration  from :/home/wade/ros2_ws/build/examples_rclcpp_minimal_timer/CTestConfiguration.ini
[0.076s] Parse Config file:/home/wade/ros2_ws/build/examples_rclcpp_minimal_timer/CTestConfiguration.ini
[0.076s] Test project /home/wade/ros2_ws/build/examples_rclcpp_minimal_timer
[0.076s] Constructing a list of tests
[0.076s] Done constructing a list of tests
[0.078s] Updating test list for fixtures
[0.078s] Added 0 tests to meet fixture requirements
[0.078s] Checking test dependency graph...
[0.078s] Checking test dependency graph end
[0.078s] test 1
[0.078s]     Start 1: copyright
[0.078s] 
[0.079s] 1: Test command: /usr/bin/python3 "-u" "/opt/ros/humble/share/ament_cmake_test/cmake/run_test.py" "/home/wade/ros2_ws/build/examples_rclcpp_minimal_timer/test_results/examples_rclcpp_minimal_timer/copyright.xunit.xml" "--package-name" "examples_rclcpp_minimal_timer" "--output-file" "/home/wade/ros2_ws/build/examples_rclcpp_minimal_timer/ament_copyright/copyright.txt" "--command" "/opt/ros/humble/bin/ament_copyright" "--xunit-file" "/home/wade/ros2_ws/build/examples_rclcpp_minimal_timer/test_results/examples_rclcpp_minimal_timer/copyright.xunit.xml"
[0.079s] 1: Test timeout computed to be: 200
[0.159s] 1: -- run_test.py: invoking following command in '/home/wade/ros2_ws/src/examples/rclcpp/timers/minimal_timer':
[0.160s] 1:  - /opt/ros/humble/bin/ament_copyright --xunit-file /home/wade/ros2_ws/build/examples_rclcpp_minimal_timer/test_results/examples_rclcpp_minimal_timer/copyright.xunit.xml
[0.390s] 1: No problems found, checked 2 files
[0.402s] 1: -- run_test.py: return code 0
[0.402s] 1: -- run_test.py: verify result file '/home/wade/ros2_ws/build/examples_rclcpp_minimal_timer/test_results/examples_rclcpp_minimal_timer/copyright.xunit.xml'
[0.415s] 1/6 Test #1: copyright ........................   Passed    0.36 sec
[0.415s] test 2
[0.415s]     Start 2: cppcheck
[0.415s] 
[0.416s] 2: Test command: /usr/bin/python3 "-u" "/opt/ros/humble/share/ament_cmake_test/cmake/run_test.py" "/home/wade/ros2_ws/build/examples_rclcpp_minimal_timer/test_results/examples_rclcpp_minimal_timer/cppcheck.xunit.xml" "--package-name" "examples_rclcpp_minimal_timer" "--output-file" "/home/wade/ros2_ws/build/examples_rclcpp_minimal_timer/ament_cppcheck/cppcheck.txt" "--command" "/opt/ros/humble/bin/ament_cppcheck" "--xunit-file" "/home/wade/ros2_ws/build/examples_rclcpp_minimal_timer/test_results/examples_rclcpp_minimal_timer/cppcheck.xunit.xml"
[0.416s] 2: Test timeout computed to be: 300
[0.486s] 2: -- run_test.py: invoking following command in '/home/wade/ros2_ws/src/examples/rclcpp/timers/minimal_timer':
[0.486s] 2:  - /opt/ros/humble/bin/ament_cppcheck --xunit-file /home/wade/ros2_ws/build/examples_rclcpp_minimal_timer/test_results/examples_rclcpp_minimal_timer/cppcheck.xunit.xml
[0.569s] 2: cppcheck 2.7 has known performance issues and therefore will not be used, set the AMENT_CPPCHECK_ALLOW_SLOW_VERSIONS environment variable to override this.
[0.586s] 2: -- run_test.py: return code 0
[0.586s] 2: -- run_test.py: verify result file '/home/wade/ros2_ws/build/examples_rclcpp_minimal_timer/test_results/examples_rclcpp_minimal_timer/cppcheck.xunit.xml'
[0.602s] 2/6 Test #2: cppcheck .........................   Passed    0.18 sec
[0.602s] test 3
[0.602s]     Start 3: cpplint
[0.602s] 
[0.602s] 3: Test command: /usr/bin/python3 "-u" "/opt/ros/humble/share/ament_cmake_test/cmake/run_test.py" "/home/wade/ros2_ws/build/examples_rclcpp_minimal_timer/test_results/examples_rclcpp_minimal_timer/cpplint.xunit.xml" "--package-name" "examples_rclcpp_minimal_timer" "--output-file" "/home/wade/ros2_ws/build/examples_rclcpp_minimal_timer/ament_cpplint/cpplint.txt" "--command" "/opt/ros/humble/bin/ament_cpplint" "--xunit-file" "/home/wade/ros2_ws/build/examples_rclcpp_minimal_timer/test_results/examples_rclcpp_minimal_timer/cpplint.xunit.xml"
[0.602s] 3: Test timeout computed to be: 120
[0.664s] 3: -- run_test.py: invoking following command in '/home/wade/ros2_ws/src/examples/rclcpp/timers/minimal_timer':
[0.664s] 3:  - /opt/ros/humble/bin/ament_cpplint --xunit-file /home/wade/ros2_ws/build/examples_rclcpp_minimal_timer/test_results/examples_rclcpp_minimal_timer/cpplint.xunit.xml
[0.774s] 3: Using '--root=..' argument
[0.774s] 3: 
[0.774s] 3: Done processing /home/wade/ros2_ws/src/examples/rclcpp/timers/minimal_timer/lambda.cpp
[0.774s] 3: 
[0.774s] 3: Done processing /home/wade/ros2_ws/src/examples/rclcpp/timers/minimal_timer/member_function.cpp
[0.774s] 3: 
[0.774s] 3: No problems found
[0.788s] 3: -- run_test.py: return code 0
[0.788s] 3: -- run_test.py: verify result file '/home/wade/ros2_ws/build/examples_rclcpp_minimal_timer/test_results/examples_rclcpp_minimal_timer/cpplint.xunit.xml'
[0.803s] 3/6 Test #3: cpplint ..........................   Passed    0.20 sec
[0.803s] test 4
[0.804s]     Start 4: lint_cmake
[0.804s] 
[0.804s] 4: Test command: /usr/bin/python3 "-u" "/opt/ros/humble/share/ament_cmake_test/cmake/run_test.py" "/home/wade/ros2_ws/build/examples_rclcpp_minimal_timer/test_results/examples_rclcpp_minimal_timer/lint_cmake.xunit.xml" "--package-name" "examples_rclcpp_minimal_timer" "--output-file" "/home/wade/ros2_ws/build/examples_rclcpp_minimal_timer/ament_lint_cmake/lint_cmake.txt" "--command" "/opt/ros/humble/bin/ament_lint_cmake" "--xunit-file" "/home/wade/ros2_ws/build/examples_rclcpp_minimal_timer/test_results/examples_rclcpp_minimal_timer/lint_cmake.xunit.xml"
[0.804s] 4: Test timeout computed to be: 60
[0.860s] 4: -- run_test.py: invoking following command in '/home/wade/ros2_ws/src/examples/rclcpp/timers/minimal_timer':
[0.861s] 4:  - /opt/ros/humble/bin/ament_lint_cmake --xunit-file /home/wade/ros2_ws/build/examples_rclcpp_minimal_timer/test_results/examples_rclcpp_minimal_timer/lint_cmake.xunit.xml
[0.919s] 4: 
[0.919s] 4: No problems found
[0.933s] 4: -- run_test.py: return code 0
[0.933s] 4: -- run_test.py: verify result file '/home/wade/ros2_ws/build/examples_rclcpp_minimal_timer/test_results/examples_rclcpp_minimal_timer/lint_cmake.xunit.xml'
[0.949s] 4/6 Test #4: lint_cmake .......................   Passed    0.15 sec
[0.950s] test 5
[0.950s]     Start 5: uncrustify
[0.950s] 
[0.950s] 5: Test command: /usr/bin/python3 "-u" "/opt/ros/humble/share/ament_cmake_test/cmake/run_test.py" "/home/wade/ros2_ws/build/examples_rclcpp_minimal_timer/test_results/examples_rclcpp_minimal_timer/uncrustify.xunit.xml" "--package-name" "examples_rclcpp_minimal_timer" "--output-file" "/home/wade/ros2_ws/build/examples_rclcpp_minimal_timer/ament_uncrustify/uncrustify.txt" "--command" "/opt/ros/humble/bin/ament_uncrustify" "--xunit-file" "/home/wade/ros2_ws/build/examples_rclcpp_minimal_timer/test_results/examples_rclcpp_minimal_timer/uncrustify.xunit.xml"
[0.950s] 5: Test timeout computed to be: 60
[1.005s] 5: -- run_test.py: invoking following command in '/home/wade/ros2_ws/src/examples/rclcpp/timers/minimal_timer':
[1.005s] 5:  - /opt/ros/humble/bin/ament_uncrustify --xunit-file /home/wade/ros2_ws/build/examples_rclcpp_minimal_timer/test_results/examples_rclcpp_minimal_timer/uncrustify.xunit.xml
[1.071s] 5: No code style divergence in file 'lambda.cpp'
[1.071s] 5: 
[1.071s] 5: No code style divergence in file 'member_function.cpp'
[1.071s] 5: 
[1.071s] 5: No problems found
[1.086s] 5: -- run_test.py: return code 0
[1.086s] 5: -- run_test.py: verify result file '/home/wade/ros2_ws/build/examples_rclcpp_minimal_timer/test_results/examples_rclcpp_minimal_timer/uncrustify.xunit.xml'
[1.101s] 5/6 Test #5: uncrustify .......................   Passed    0.15 sec
[1.101s] test 6
[1.101s]     Start 6: xmllint
[1.101s] 
[1.101s] 6: Test command: /usr/bin/python3 "-u" "/opt/ros/humble/share/ament_cmake_test/cmake/run_test.py" "/home/wade/ros2_ws/build/examples_rclcpp_minimal_timer/test_results/examples_rclcpp_minimal_timer/xmllint.xunit.xml" "--package-name" "examples_rclcpp_minimal_timer" "--output-file" "/home/wade/ros2_ws/build/examples_rclcpp_minimal_timer/ament_xmllint/xmllint.txt" "--command" "/opt/ros/humble/bin/ament_xmllint" "--xunit-file" "/home/wade/ros2_ws/build/examples_rclcpp_minimal_timer/test_results/examples_rclcpp_minimal_timer/xmllint.xunit.xml"
[1.101s] 6: Test timeout computed to be: 60
[1.155s] 6: -- run_test.py: invoking following command in '/home/wade/ros2_ws/src/examples/rclcpp/timers/minimal_timer':
[1.155s] 6:  - /opt/ros/humble/bin/ament_xmllint --xunit-file /home/wade/ros2_ws/build/examples_rclcpp_minimal_timer/test_results/examples_rclcpp_minimal_timer/xmllint.xunit.xml
[1.226s] 6: File 'package.xml' is invalid:
[1.226s] 6: error : Resource temporarily unavailable
[1.227s] 6: warning: failed to load external entity "http://download.ros.org/schema/package_format2.xsd"
[1.227s] 6: Schemas parser error : Failed to locate the main schema resource at 'http://download.ros.org/schema/package_format2.xsd'.
[1.227s] 6: WXS schema http://download.ros.org/schema/package_format2.xsd failed to compile
[1.227s] 6: 
[1.227s] 6: 1 files are invalid
[1.238s] 6: -- run_test.py: return code 1
[1.238s] 6: -- run_test.py: verify result file '/home/wade/ros2_ws/build/examples_rclcpp_minimal_timer/test_results/examples_rclcpp_minimal_timer/xmllint.xunit.xml'
[1.248s] 6/6 Test #6: xmllint ..........................***Failed    0.15 sec
[1.249s] 
[1.249s] 83% tests passed[0;0m, [0;31m1 tests failed[0;0m out of 6
[1.249s] 
[1.249s] Label Time Summary:
[1.249s] copyright     =   0.36 sec*proc (1 test)
[1.249s] cppcheck      =   0.18 sec*proc (1 test)
[1.249s] cpplint       =   0.20 sec*proc (1 test)
[1.249s] lint_cmake    =   0.15 sec*proc (1 test)
[1.249s] linter        =   1.19 sec*proc (6 tests)
[1.249s] uncrustify    =   0.15 sec*proc (1 test)
[1.249s] xmllint       =   0.15 sec*proc (1 test)
[1.249s] 
[1.249s] Total Test time (real) =   1.19 sec
[1.249s] 
[1.249s] The following tests FAILED:
[1.249s] 	[0;31m  6 - xmllint (Failed)[0;0m
[1.251s] Errors while running CTest
[1.251s] Output from these tests are in: /home/wade/ros2_ws/build/examples_rclcpp_minimal_timer/Testing/Temporary/LastTest.log
[1.251s] Use "--rerun-failed --output-on-failure" to re-run the failed cases verbosely.
[1.413s] Invoked command in '/home/wade/ros2_ws/build/examples_rclcpp_minimal_timer' returned '8': AMENT_PREFIX_PATH=/home/wade/ros2_ws/install/examples_rclcpp_minimal_timer:${AMENT_PREFIX_PATH} CMAKE_PREFIX_PATH=/home/wade/ros2_ws/install/examples_rclcpp_minimal_timer /usr/bin/ctest -C Release -D ExperimentalTest --no-compress-output -V --force-new-ctest-process
